2018-04-09 23:26:11,505  INFO: FUTU	tiny_strate_south_etf:init_strate 'tiny_strate_south_etf' ret = True
2018-04-09 23:27:25,751  INFO: FUTU	tiny_strate_south_etf:init_strate 'tiny_strate_south_etf' ret = True
2018-04-09 23:27:27,303  INFO: FUTU	FutuDataEvent:订阅行情失败：ERROR. 找不到股票！
2018-04-09 23:27:27,304  INFO: FUTU	FutuDataEvent:订阅行情失败：ERROR. 找不到股票！
2018-04-09 23:27:27,304  INFO: FUTU	FutuDataEvent:订阅行情失败：ERROR. 找不到股票！
2018-04-09 23:27:27,304  INFO: FUTU	FutuDataEvent:订阅行情失败：ERROR. 找不到股票！
2018-04-09 23:27:27,304  INFO: FUTU	tiny_strate_south_etf:on_start
2018-04-09 23:28:01,187  INFO: FUTU	tiny_strate_south_etf:on_bar_min1 symbol=US.FB dt=20180409 11:28:00 open=159.25 high=159.35 close=159.204 low=159.13 vol=33660
2018-04-09 23:28:01,875  INFO: FUTU	tiny_strate_south_etf:on_bar_min1 symbol=US.BABA dt=20180409 11:28:00 open=172.13 high=172.18 close=171.95 low=171.95 vol=25182
2018-04-09 23:29:00,599  INFO: FUTU	tiny_strate_south_etf:on_bar_min1 symbol=US.FB dt=20180409 11:29:00 open=159.19 high=159.29 close=159.25 low=159.16 vol=36827
2018-04-09 23:29:01,212  INFO: FUTU	tiny_strate_south_etf:on_bar_min1 symbol=US.BABA dt=20180409 11:29:00 open=171.98 high=171.98 close=171.95 low=171.88 vol=37383
2018-04-09 23:30:00,590  INFO: FUTU	tiny_strate_south_etf:on_bar_min1 symbol=US.FB dt=20180409 11:30:00 open=159.24 high=159.36 close=159.242 low=159.22 vol=30293
2018-04-09 23:30:01,050  INFO: FUTU	tiny_strate_south_etf:on_bar_min1 symbol=US.BABA dt=20180409 11:30:00 open=172.0 high=172.14 close=172.04 low=172.0 vol=14000
2018-04-09 23:30:37,967  INFO: FUTU	tiny_strate_south_etf:init_strate 'tiny_strate_south_etf' ret = True
2018-04-09 23:30:39,340  INFO: FUTU	FutuDataEvent:订阅行情失败：ERROR. 找不到股票！
2018-04-09 23:30:39,340  INFO: FUTU	FutuDataEvent:订阅行情失败：ERROR. 找不到股票！
2018-04-09 23:30:39,340  INFO: FUTU	FutuDataEvent:订阅行情失败：ERROR. 找不到股票！
2018-04-09 23:30:39,340  INFO: FUTU	FutuDataEvent:订阅行情失败：ERROR. 找不到股票！
2018-04-09 23:30:39,340  INFO: FUTU	tiny_strate_south_etf:on_start
2018-04-09 23:31:01,047  INFO: FUTU	tiny_strate_south_etf:on_bar_min1 symbol=US.BABA dt=20180409 11:31:00 open=172.06 high=172.25 close=172.23 low=172.05 vol=22151
2018-04-09 23:31:02,340  INFO: FUTU	tiny_strate_south_etf:on_bar_min1 symbol=US.FB dt=20180409 11:31:00 open=159.23 high=159.41 close=159.36 low=159.21 vol=76846
2018-04-09 23:32:00,347  INFO: FUTU	tiny_strate_south_etf:on_bar_min1 symbol=US.FB dt=20180409 11:32:00 open=159.35 high=159.429 close=159.395 low=159.35 vol=44320
2018-04-09 23:32:01,086  INFO: FUTU	tiny_strate_south_etf:on_bar_min1 symbol=US.BABA dt=20180409 11:32:00 open=172.21 high=172.212 close=172.16 low=172.125 vol=16864
2018-04-09 23:33:00,380  INFO: FUTU	tiny_strate_south_etf:on_bar_min1 symbol=US.FB dt=20180409 11:33:00 open=159.394 high=159.53 close=159.53 low=159.39 vol=75670
2018-04-09 23:33:01,165  INFO: FUTU	tiny_strate_south_etf:on_bar_min1 symbol=US.BABA dt=20180409 11:33:00 open=172.13 high=172.15 close=172.05 low=171.95 vol=21661
2018-04-09 23:34:00,708  INFO: FUTU	tiny_strate_south_etf:on_bar_min1 symbol=US.BABA dt=20180409 11:34:00 open=172.07 high=172.25 close=172.2 low=172.07 vol=23151
2018-04-09 23:34:00,708  INFO: FUTU	tiny_strate_south_etf:on_bar_min1 symbol=US.FB dt=20180409 11:34:00 open=159.528 high=159.7 close=159.665 low=159.52 vol=106345
2018-04-09 23:35:01,006  INFO: FUTU	tiny_strate_south_etf:on_bar_min1 symbol=US.BABA dt=20180409 11:35:00 open=172.23 high=172.23 close=172.0 low=172.0 vol=23823
2018-04-09 23:35:01,964  INFO: FUTU	tiny_strate_south_etf:on_bar_min1 symbol=US.FB dt=20180409 11:35:00 open=159.66 high=159.68 close=159.578 low=159.48 vol=93075
2018-04-09 23:36:00,227  INFO: FUTU	tiny_strate_south_etf:on_bar_min1 symbol=US.FB dt=20180409 11:36:00 open=159.59 high=159.84 close=159.76 low=159.58 vol=124449
2018-04-09 23:36:00,384  INFO: FUTU	tiny_strate_south_etf:on_bar_min1 symbol=US.BABA dt=20180409 11:36:00 open=171.986 high=172.26 close=172.209 low=171.986 vol=39223
2018-04-09 23:37:00,402  INFO: FUTU	tiny_strate_south_etf:on_bar_min1 symbol=US.FB dt=20180409 11:37:00 open=159.789 high=159.789 close=159.4 low=159.37 vol=196104
2018-04-09 23:37:01,352  INFO: FUTU	tiny_strate_south_etf:on_bar_min1 symbol=US.BABA dt=20180409 11:37:00 open=172.21 high=172.23 close=172.079 low=172.079 vol=21573
2018-04-09 23:38:01,699  INFO: FUTU	tiny_strate_south_etf:on_bar_min1 symbol=US.FB dt=20180409 11:38:00 open=159.39 high=159.54 close=159.54 low=159.33 vol=126804
2018-04-09 23:38:01,700  INFO: FUTU	tiny_strate_south_etf:on_bar_min1 symbol=US.BABA dt=20180409 11:38:00 open=172.1 high=172.13 close=172.07 low=172.01 vol=29735
2018-04-09 23:45:44,082  INFO: FUTU	tiny_strate_sample:init_strate 'tiny_strate_sample' ret = True
2018-04-09 23:45:47,148  INFO: FUTU	tiny_strate_sample:on_start param1=1 param2=2
2018-04-09 23:45:49,732  INFO: FUTU	tiny_strate_sample:on_before_trading - 2018-04-09 23:45:46
2018-04-09 23:47:06,444  INFO: FUTU	tiny_strate_sample:init_strate 'tiny_strate_sample' ret = True
2018-04-09 23:47:07,760  INFO: FUTU	tiny_strate_sample:on_start param1=1 param2=2
2018-04-09 23:47:09,074  INFO: FUTU	tiny_strate_sample:on_before_trading - 2018-04-09 23:47:08
2018-04-09 23:47:09,077  INFO: FUTU	tiny_strate_sample:on_quote_changed symbol=US.FB dt=20180409 11:47:08 sma(5) open=157.13699999999994 high=159.15700000000004 close=157.45000000000002 low=154.1640000000001 vol=37814303.8
2018-04-09 23:47:09,077  INFO: FUTU	tiny_strate_sample:on_quote_changed symbol=US.BABA dt=20180409 11:47:08 sma(5) open=172.24200000000005 high=174.63999999999993 close=171.84200000000004 low=169.06199999999984 vol=17647708.0
2018-04-09 23:47:09,486  INFO: FUTU	tiny_strate_sample:on_quote_changed symbol=US.FB dt=20180409 11:47:09 sma(5) open=157.13699999999994 high=159.15700000000004 close=157.45200000000003 low=154.1640000000001 vol=37814527.8
2018-04-09 23:47:09,486  INFO: FUTU	tiny_strate_sample:on_quote_changed symbol=US.FB dt=20180409 11:47:09 sma(5) open=157.13699999999994 high=159.15700000000004 close=157.45200000000003 low=154.1640000000001 vol=37814527.8
2018-04-09 23:47:10,390  INFO: FUTU	tiny_strate_sample:on_quote_changed symbol=US.FB dt=20180409 11:47:09 sma(5) open=157.13699999999994 high=159.15700000000004 close=157.454 low=154.1640000000001 vol=37814567.8
2018-04-09 23:47:10,399  INFO: FUTU	tiny_strate_sample:on_quote_changed symbol=US.FB dt=20180409 11:47:09 sma(5) open=157.13699999999994 high=159.15700000000004 close=157.45360000000002 low=154.1640000000001 vol=37814594.2
2018-04-09 23:47:10,399  INFO: FUTU	tiny_strate_sample:on_quote_changed symbol=US.FB dt=20180409 11:47:09 sma(5) open=157.13699999999994 high=159.15700000000004 close=157.45360000000002 low=154.1640000000001 vol=37814594.2
2018-04-09 23:47:10,454  INFO: FUTU	tiny_strate_sample:on_quote_changed symbol=US.FB dt=20180409 11:47:09 sma(5) open=157.13699999999994 high=159.15700000000004 close=157.45360000000002 low=154.1640000000001 vol=37814594.2
2018-04-09 23:47:10,623  INFO: FUTU	tiny_strate_sample:on_quote_changed symbol=US.FB dt=20180409 11:47:10 sma(5) open=157.13699999999994 high=159.15700000000004 close=157.454 low=154.1640000000001 vol=37814614.2
2018-04-09 23:47:11,027  INFO: FUTU	tiny_strate_sample:on_quote_changed symbol=US.BABA dt=20180409 11:47:10 sma(5) open=172.24200000000005 high=174.64399999999992 close=171.84600000000006 low=169.06199999999984 vol=17647822.4
2018-04-09 23:47:11,027  INFO: FUTU	tiny_strate_sample:on_quote_changed symbol=US.BABA dt=20180409 11:47:10 sma(5) open=172.24200000000005 high=174.64399999999992 close=171.84600000000006 low=169.06199999999984 vol=17647822.4
2018-04-09 23:47:11,036  INFO: FUTU	tiny_strate_sample:on_quote_changed symbol=US.BABA dt=20180409 11:47:10 sma(5) open=172.24200000000005 high=174.64399999999992 close=171.84200000000004 low=169.06199999999984 vol=17647846.4
2018-04-09 23:47:11,228  INFO: FUTU	tiny_strate_sample:on_quote_changed symbol=US.FB dt=20180409 11:47:10 sma(5) open=157.13699999999994 high=159.15700000000004 close=157.45800000000003 low=154.1640000000001 vol=37814714.2
2018-04-09 23:47:12,014  INFO: FUTU	tiny_strate_sample:on_quote_changed symbol=US.BABA dt=20180409 11:47:10 sma(5) open=172.24200000000005 high=174.64399999999992 close=171.84200000000004 low=169.06199999999984 vol=17647846.4
2018-04-09 23:47:12,362  INFO: FUTU	tiny_strate_sample:on_quote_changed symbol=US.BABA dt=20180409 11:47:11 sma(5) open=172.24200000000005 high=174.64399999999992 close=171.84000000000006 low=169.06199999999984 vol=17647904.4
2018-04-09 23:47:12,371  INFO: FUTU	tiny_strate_sample:on_quote_changed symbol=US.BABA dt=20180409 11:47:11 sma(5) open=172.24200000000005 high=174.64399999999992 close=171.84000000000006 low=169.06199999999984 vol=17647904.4
2018-04-09 23:47:12,375  INFO: FUTU	tiny_strate_sample:on_quote_changed symbol=US.FB dt=20180409 11:47:11 sma(5) open=157.13699999999994 high=159.15700000000004 close=157.454 low=154.1640000000001 vol=37814907.4
2018-04-09 23:47:12,376  INFO: FUTU	tiny_strate_sample:on_quote_changed symbol=US.FB dt=20180409 11:47:11 sma(5) open=157.13699999999994 high=159.15700000000004 close=157.454 low=154.1640000000001 vol=37814907.4
2018-04-09 23:47:12,376  INFO: FUTU	tiny_strate_sample:on_quote_changed symbol=US.BABA dt=20180409 11:47:11 sma(5) open=172.24200000000005 high=174.64399999999992 close=171.83400000000006 low=169.06199999999984 vol=17648011.8
2018-04-09 23:47:12,376  INFO: FUTU	tiny_strate_sample:on_quote_changed symbol=US.BABA dt=20180409 11:47:11 sma(5) open=172.24200000000005 high=174.64399999999992 close=171.83400000000006 low=169.06199999999984 vol=17648011.8
2018-04-09 23:47:12,660  INFO: FUTU	tiny_strate_sample:on_quote_changed symbol=US.FB dt=20180409 11:47:12 sma(5) open=157.13699999999994 high=159.15700000000004 close=157.454 low=154.1640000000001 vol=37814937.4
2018-04-09 23:47:13,233  INFO: FUTU	tiny_strate_sample:on_quote_changed symbol=US.BABA dt=20180409 11:47:11 sma(5) open=172.24200000000005 high=174.64399999999992 close=171.83400000000006 low=169.06199999999984 vol=17648011.8
2018-04-09 23:47:13,233  INFO: FUTU	tiny_strate_sample:on_quote_changed symbol=US.FB dt=20180409 11:47:12 sma(5) open=157.13699999999994 high=159.15700000000004 close=157.454 low=154.1640000000001 vol=37814945.4
2018-04-09 23:47:13,271  INFO: FUTU	tiny_strate_sample:on_quote_changed symbol=US.FB dt=20180409 11:47:12 sma(5) open=157.13699999999994 high=159.15700000000004 close=157.45360000000002 low=154.1640000000001 vol=37814985.4
2018-04-09 23:47:13,553  INFO: FUTU	tiny_strate_sample:on_quote_changed symbol=US.BABA dt=20180409 11:47:13 sma(5) open=172.24200000000005 high=174.64399999999992 close=171.83420000000007 low=169.06199999999984 vol=17648122.8
2018-04-09 23:47:13,738  INFO: FUTU	tiny_strate_sample:on_quote_changed symbol=US.FB dt=20180409 11:47:13 sma(5) open=157.13699999999994 high=159.15700000000004 close=157.45600000000002 low=154.1640000000001 vol=37815095.4
2018-04-09 23:47:13,877  INFO: FUTU	tiny_strate_sample:on_quote_changed symbol=US.BABA dt=20180409 11:47:13 sma(5) open=172.24200000000005 high=174.64399999999992 close=171.83400000000006 low=169.06199999999984 vol=17648162.8
2018-04-09 23:47:14,251  INFO: FUTU	tiny_strate_sample:on_quote_changed symbol=US.FB dt=20180409 11:47:13 sma(5) open=157.13699999999994 high=159.15700000000004 close=157.45600000000002 low=154.1640000000001 vol=37815095.4
2018-04-09 23:47:14,380  INFO: FUTU	tiny_strate_sample:on_quote_changed symbol=US.FB dt=20180409 11:47:13 sma(5) open=157.13699999999994 high=159.15700000000004 close=157.44800000000004 low=154.1640000000001 vol=37815175.6
2018-04-09 23:47:14,380  INFO: FUTU	tiny_strate_sample:on_quote_changed symbol=US.FB dt=20180409 11:47:13 sma(5) open=157.13699999999994 high=159.15700000000004 close=157.44800000000004 low=154.1640000000001 vol=37815175.6
2018-04-09 23:47:14,677  INFO: FUTU	tiny_strate_sample:on_quote_changed symbol=US.FB dt=20180409 11:47:14 sma(5) open=157.13699999999994 high=159.15700000000004 close=157.44600000000003 low=154.1640000000001 vol=37815195.6
2018-04-09 23:47:14,828  INFO: FUTU	tiny_strate_sample:on_quote_changed symbol=US.BABA dt=20180409 11:47:14 sma(5) open=172.24200000000005 high=174.64399999999992 close=171.83260000000004 low=169.06199999999984 vol=17648218.8
2018-04-09 23:47:14,879  INFO: FUTU	tiny_strate_sample:on_quote_changed symbol=US.BABA dt=20180409 11:47:14 sma(5) open=172.24200000000005 high=174.64399999999992 close=171.83260000000004 low=169.06199999999984 vol=17648218.8
2018-04-09 23:47:15,098  INFO: FUTU	tiny_strate_sample:on_quote_changed symbol=US.FB dt=20180409 11:47:14 sma(5) open=157.13699999999994 high=159.15700000000004 close=157.44400000000002 low=154.1640000000001 vol=37815215.6
2018-04-09 23:47:15,102  INFO: FUTU	tiny_strate_sample:on_quote_changed symbol=US.FB dt=20180409 11:47:14 sma(5) open=157.13699999999994 high=159.15700000000004 close=157.44400000000002 low=154.1640000000001 vol=37815215.6
2018-04-09 23:47:15,102  INFO: FUTU	tiny_strate_sample:on_quote_changed symbol=US.FB dt=20180409 11:47:14 sma(5) open=157.13699999999994 high=159.15700000000004 close=157.44400000000002 low=154.1640000000001 vol=37815265.6
2018-04-09 23:47:15,381  INFO: FUTU	tiny_strate_sample:on_quote_changed symbol=US.FB dt=20180409 11:47:14 sma(5) open=157.13699999999994 high=159.15700000000004 close=157.44400000000002 low=154.1640000000001 vol=37815268.8
2018-04-09 23:47:15,674  INFO: FUTU	tiny_strate_sample:on_quote_changed symbol=US.FB dt=20180409 11:47:15 sma(5) open=157.13699999999994 high=159.15700000000004 close=157.44400000000002 low=154.1640000000001 vol=37815268.8
2018-04-09 23:47:15,676  INFO: FUTU	tiny_strate_sample:on_quote_changed symbol=US.BABA dt=20180409 11:47:15 sma(5) open=172.24200000000005 high=174.64399999999992 close=171.83260000000004 low=169.06199999999984 vol=17648222.8
2018-04-09 23:47:16,193  INFO: FUTU	tiny_strate_sample:on_quote_changed symbol=US.BABA dt=20180409 11:47:15 sma(5) open=172.24200000000005 high=174.64399999999992 close=171.83000000000007 low=169.06199999999984 vol=17648282.8
2018-04-09 23:47:16,228  INFO: FUTU	tiny_strate_sample:on_quote_changed symbol=US.BABA dt=20180409 11:47:15 sma(5) open=172.24200000000005 high=174.64399999999992 close=171.82800000000006 low=169.06199999999984 vol=17648302.8
2018-04-09 23:47:16,354  INFO: FUTU	tiny_strate_sample:on_quote_changed symbol=US.FB dt=20180409 11:47:15 sma(5) open=157.13699999999994 high=159.15700000000004 close=157.44600000000003 low=154.1640000000001 vol=37815308.8
2018-04-09 23:47:16,365  INFO: FUTU	tiny_strate_sample:on_quote_changed symbol=US.FB dt=20180409 11:47:15 sma(5) open=157.13699999999994 high=159.15700000000004 close=157.44600000000003 low=154.1640000000001 vol=37815408.8
2018-04-09 23:47:16,377  INFO: FUTU	tiny_strate_sample:on_quote_changed symbol=US.FB dt=20180409 11:47:15 sma(5) open=157.13699999999994 high=159.15700000000004 close=157.44600000000003 low=154.1640000000001 vol=37815408.8
2018-04-09 23:47:16,377  INFO: FUTU	tiny_strate_sample:on_quote_changed symbol=US.FB dt=20180409 11:47:15 sma(5) open=157.13699999999994 high=159.15700000000004 close=157.44600000000003 low=154.1640000000001 vol=37815468.8
2018-04-09 23:47:16,382  INFO: FUTU	tiny_strate_sample:on_quote_changed symbol=US.FB dt=20180409 11:47:15 sma(5) open=157.13699999999994 high=159.15700000000004 close=157.44600000000003 low=154.1640000000001 vol=37815468.8
2018-04-09 23:47:16,382  INFO: FUTU	tiny_strate_sample:on_quote_changed symbol=US.FB dt=20180409 11:47:15 sma(5) open=157.13699999999994 high=159.15700000000004 close=157.44600000000003 low=154.1640000000001 vol=37815468.8
2018-04-09 23:47:16,383  INFO: FUTU	tiny_strate_sample:on_quote_changed symbol=US.FB dt=20180409 11:47:15 sma(5) open=157.13699999999994 high=159.15700000000004 close=157.44300000000004 low=154.1640000000001 vol=37815529.0
2018-04-09 23:47:16,383  INFO: FUTU	tiny_strate_sample:on_quote_changed symbol=US.FB dt=20180409 11:47:15 sma(5) open=157.13699999999994 high=159.15700000000004 close=157.44300000000004 low=154.1640000000001 vol=37815529.0
2018-04-09 23:47:16,597  INFO: FUTU	tiny_strate_sample:on_quote_changed symbol=US.BABA dt=20180409 11:47:15 sma(5) open=172.24200000000005 high=174.64399999999992 close=171.82800000000006 low=169.06199999999984 vol=17648302.8
2018-04-09 23:47:16,673  INFO: FUTU	tiny_strate_sample:on_quote_changed symbol=US.BABA dt=20180409 11:47:16 sma(5) open=172.24200000000005 high=174.64399999999992 close=171.82800000000006 low=169.06199999999984 vol=17648302.8
2018-04-09 23:47:16,677  INFO: FUTU	tiny_strate_sample:on_quote_changed symbol=US.FB dt=20180409 11:47:15 sma(5) open=157.13699999999994 high=159.15700000000004 close=157.44300000000004 low=154.1640000000001 vol=37815529.0
2018-04-09 23:47:17,696  INFO: FUTU	tiny_strate_sample:on_quote_changed symbol=US.FB dt=20180409 11:47:17 sma(5) open=157.13699999999994 high=159.15700000000004 close=157.44300000000004 low=154.1640000000001 vol=37815532.0
2018-04-09 23:47:17,990  INFO: FUTU	tiny_strate_sample:on_quote_changed symbol=US.FB dt=20180409 11:47:17 sma(5) open=157.13699999999994 high=159.15700000000004 close=157.44300000000004 low=154.1640000000001 vol=37815532.0
2018-04-09 23:47:18,106  INFO: FUTU	tiny_strate_sample:on_quote_changed symbol=US.BABA dt=20180409 11:47:16 sma(5) open=172.24200000000005 high=174.64399999999992 close=171.82800000000006 low=169.06199999999984 vol=17648302.8
2018-04-09 23:47:18,337  INFO: FUTU	tiny_strate_sample:on_quote_changed symbol=US.FB dt=20180409 11:47:17 sma(5) open=157.13699999999994 high=159.15700000000004 close=157.44 low=154.1640000000001 vol=37815562.6
2018-04-09 23:47:18,386  INFO: FUTU	tiny_strate_sample:on_quote_changed symbol=US.FB dt=20180409 11:47:17 sma(5) open=157.13699999999994 high=159.15700000000004 close=157.44 low=154.1640000000001 vol=37815635.2
2018-04-09 23:47:18,412  INFO: FUTU	tiny_strate_sample:on_quote_changed symbol=US.FB dt=20180409 11:47:17 sma(5) open=157.13699999999994 high=159.15700000000004 close=157.44 low=154.1640000000001 vol=37815665.2
2018-04-09 23:47:18,765  INFO: FUTU	tiny_strate_sample:on_quote_changed symbol=US.BABA dt=20180409 11:47:18 sma(5) open=172.24200000000005 high=174.64399999999992 close=171.82800000000006 low=169.06199999999984 vol=17648302.8
2018-04-09 23:47:19,580  INFO: FUTU	tiny_strate_sample:on_quote_changed symbol=US.FB dt=20180409 11:47:19 sma(5) open=157.13699999999994 high=159.15700000000004 close=157.43800000000002 low=154.1640000000001 vol=37815790.2
2018-04-09 23:47:19,580  INFO: FUTU	tiny_strate_sample:on_quote_changed symbol=US.FB dt=20180409 11:47:19 sma(5) open=157.13699999999994 high=159.15700000000004 close=157.43800000000002 low=154.1640000000001 vol=37815790.2
2018-04-09 23:47:19,580  INFO: FUTU	tiny_strate_sample:on_quote_changed symbol=US.FB dt=20180409 11:47:19 sma(5) open=157.13699999999994 high=159.15700000000004 close=157.43800000000002 low=154.1640000000001 vol=37815790.2
2018-04-09 23:47:20,125  INFO: FUTU	tiny_strate_sample:on_quote_changed symbol=US.BABA dt=20180409 11:47:19 sma(5) open=172.24200000000005 high=174.64399999999992 close=171.83560000000006 low=169.06199999999984 vol=17648322.8
2018-04-09 23:47:20,472  INFO: FUTU	tiny_strate_sample:on_quote_changed symbol=US.BABA dt=20180409 11:47:19 sma(5) open=172.24200000000005 high=174.64399999999992 close=171.83560000000006 low=169.06199999999984 vol=17648328.6
2018-04-09 23:47:20,521  INFO: FUTU	tiny_strate_sample:on_quote_changed symbol=US.FB dt=20180409 11:47:19 sma(5) open=157.13699999999994 high=159.15700000000004 close=157.43800000000002 low=154.1640000000001 vol=37815790.2
2018-04-09 23:47:20,711  INFO: FUTU	tiny_strate_sample:on_quote_changed symbol=US.FB dt=20180409 11:47:20 sma(5) open=157.13699999999994 high=159.15700000000004 close=157.43800000000002 low=154.1640000000001 vol=37815790.2
2018-04-09 23:47:20,711  INFO: FUTU	tiny_strate_sample:on_quote_changed symbol=US.BABA dt=20180409 11:47:20 sma(5) open=172.24200000000005 high=174.64399999999992 close=171.83560000000006 low=169.06199999999984 vol=17648328.6
2018-04-09 23:47:21,885  INFO: FUTU	tiny_strate_sample:on_quote_changed symbol=US.BABA dt=20180409 11:47:21 sma(5) open=172.24200000000005 high=174.64399999999992 close=171.83400000000006 low=169.06199999999984 vol=17648388.6
2018-04-09 23:47:21,885  INFO: FUTU	tiny_strate_sample:on_quote_changed symbol=US.BABA dt=20180409 11:47:21 sma(5) open=172.24200000000005 high=174.64399999999992 close=171.83400000000006 low=169.06199999999984 vol=17648388.6
2018-04-09 23:47:21,931  INFO: FUTU	tiny_strate_sample:on_quote_changed symbol=US.BABA dt=20180409 11:47:21 sma(5) open=172.24200000000005 high=174.64399999999992 close=171.82800000000006 low=169.06199999999984 vol=17648418.6
2018-04-09 23:47:22,143  INFO: FUTU	tiny_strate_sample:on_quote_changed symbol=US.BABA dt=20180409 11:47:21 sma(5) open=172.24200000000005 high=174.64399999999992 close=171.82800000000006 low=169.06199999999984 vol=17648418.6
2018-04-09 23:47:22,673  INFO: FUTU	tiny_strate_sample:on_quote_changed symbol=US.BABA dt=20180409 11:47:22 sma(5) open=172.24200000000005 high=174.64399999999992 close=171.82800000000006 low=169.06199999999984 vol=17648418.6
2018-04-09 23:47:22,760  INFO: FUTU	tiny_strate_sample:on_quote_changed symbol=US.FB dt=20180409 11:47:20 sma(5) open=157.13699999999994 high=159.15700000000004 close=157.43800000000002 low=154.1640000000001 vol=37815851.4
2018-04-09 23:47:23,122  INFO: FUTU	tiny_strate_sample:on_quote_changed symbol=US.FB dt=20180409 11:47:22 sma(5) open=157.13699999999994 high=159.15700000000004 close=157.43400000000003 low=154.1640000000001 vol=37816077.8
2018-04-09 23:47:23,122  INFO: FUTU	tiny_strate_sample:on_quote_changed symbol=US.FB dt=20180409 11:47:22 sma(5) open=157.13699999999994 high=159.15700000000004 close=157.43400000000003 low=154.1640000000001 vol=37816077.8
2018-04-09 23:47:23,253  INFO: FUTU	tiny_strate_sample:on_quote_changed symbol=US.BABA dt=20180409 11:47:22 sma(5) open=172.24200000000005 high=174.64399999999992 close=171.82800000000006 low=169.06199999999984 vol=17648418.6
2018-04-09 23:47:23,528  INFO: FUTU	tiny_strate_sample:on_quote_changed symbol=US.FB dt=20180409 11:47:23 sma(5) open=157.13699999999994 high=159.15700000000004 close=157.43400000000003 low=154.1640000000001 vol=37816098.2
2018-04-09 23:47:23,546  INFO: FUTU	tiny_strate_sample:on_quote_changed symbol=US.FB dt=20180409 11:47:23 sma(5) open=157.13699999999994 high=159.15700000000004 close=157.43400000000003 low=154.1640000000001 vol=37816118.2
2018-04-09 23:47:23,674  INFO: FUTU	tiny_strate_sample:on_quote_changed symbol=US.BABA dt=20180409 11:47:23 sma(5) open=172.24200000000005 high=174.64399999999992 close=171.82800000000006 low=169.06199999999984 vol=17648418.6
2018-04-09 23:47:23,879  INFO: FUTU	tiny_strate_sample:on_quote_changed symbol=US.BABA dt=20180409 11:47:23 sma(5) open=172.24200000000005 high=174.64399999999992 close=171.82000000000005 low=169.06199999999984 vol=17648558.6
2018-04-09 23:47:23,879  INFO: FUTU	tiny_strate_sample:on_quote_changed symbol=US.BABA dt=20180409 11:47:23 sma(5) open=172.24200000000005 high=174.64399999999992 close=171.82000000000005 low=169.06199999999984 vol=17648558.6
2018-04-09 23:47:23,905  INFO: FUTU	tiny_strate_sample:on_quote_changed symbol=US.BABA dt=20180409 11:47:23 sma(5) open=172.24200000000005 high=174.64399999999992 close=171.82200000000006 low=169.06199999999984 vol=17648618.6
2018-04-09 23:47:23,907  INFO: FUTU	tiny_strate_sample:on_quote_changed symbol=US.BABA dt=20180409 11:47:23 sma(5) open=172.24200000000005 high=174.64399999999992 close=171.82200000000006 low=169.06199999999984 vol=17648618.6
2018-04-09 23:47:23,939  INFO: FUTU	tiny_strate_sample:on_quote_changed symbol=US.BABA dt=20180409 11:47:23 sma(5) open=172.24200000000005 high=174.64399999999992 close=171.81900000000005 low=169.06199999999984 vol=17648638.6
2018-04-09 23:47:24,011  INFO: FUTU	tiny_strate_sample:on_quote_changed symbol=US.BABA dt=20180409 11:47:23 sma(5) open=172.24200000000005 high=174.64399999999992 close=171.81800000000004 low=169.06199999999984 vol=17648658.6
2018-04-09 23:47:24,049  INFO: FUTU	tiny_strate_sample:on_quote_changed symbol=US.FB dt=20180409 11:47:23 sma(5) open=157.13699999999994 high=159.15700000000004 close=157.43200000000002 low=154.1640000000001 vol=37816158.2
2018-04-09 23:47:24,060  INFO: FUTU	tiny_strate_sample:on_quote_changed symbol=US.FB dt=20180409 11:47:23 sma(5) open=157.13699999999994 high=159.15700000000004 close=157.43 low=154.1640000000001 vol=37816462.0
2018-04-09 23:47:24,060  INFO: FUTU	tiny_strate_sample:on_quote_changed symbol=US.FB dt=20180409 11:47:23 sma(5) open=157.13699999999994 high=159.15700000000004 close=157.43 low=154.1640000000001 vol=37816462.0
2018-04-09 23:47:24,065  INFO: FUTU	tiny_strate_sample:on_quote_changed symbol=US.FB dt=20180409 11:47:23 sma(5) open=157.13699999999994 high=159.15700000000004 close=157.42600000000002 low=154.1640000000001 vol=37816522.0
2018-04-09 23:47:24,081  INFO: FUTU	tiny_strate_sample:on_quote_changed symbol=US.FB dt=20180409 11:47:23 sma(5) open=157.13699999999994 high=159.15700000000004 close=157.42600000000002 low=154.1640000000001 vol=37816522.0
2018-04-09 23:47:24,209  INFO: FUTU	tiny_strate_sample:on_quote_changed symbol=US.FB dt=20180409 11:47:23 sma(5) open=157.13699999999994 high=159.15700000000004 close=157.42400000000004 low=154.1640000000001 vol=37816583.6
2018-04-09 23:47:24,209  INFO: FUTU	tiny_strate_sample:on_quote_changed symbol=US.FB dt=20180409 11:47:23 sma(5) open=157.13699999999994 high=159.15700000000004 close=157.42400000000004 low=154.1640000000001 vol=37816583.6
2018-04-09 23:47:24,430  INFO: FUTU	tiny_strate_sample:on_quote_changed symbol=US.FB dt=20180409 11:47:23 sma(5) open=157.13699999999994 high=159.15700000000004 close=157.42400000000004 low=154.1640000000001 vol=37816742.2
2018-04-09 23:47:24,434  INFO: FUTU	tiny_strate_sample:on_quote_changed symbol=US.FB dt=20180409 11:47:23 sma(5) open=157.13699999999994 high=159.15700000000004 close=157.42400000000004 low=154.1640000000001 vol=37816822.2
2018-04-09 23:47:24,439  INFO: FUTU	tiny_strate_sample:on_quote_changed symbol=US.FB dt=20180409 11:47:23 sma(5) open=157.13699999999994 high=159.15700000000004 close=157.42400000000004 low=154.1640000000001 vol=37816822.2
2018-04-09 23:47:24,439  INFO: FUTU	tiny_strate_sample:on_quote_changed symbol=US.FB dt=20180409 11:47:23 sma(5) open=157.13699999999994 high=159.15700000000004 close=157.42200000000003 low=154.1640000000001 vol=37816842.2
2018-04-09 23:47:24,439  INFO: FUTU	tiny_strate_sample:on_quote_changed symbol=US.FB dt=20180409 11:47:23 sma(5) open=157.13699999999994 high=159.15700000000004 close=157.42200000000003 low=154.1640000000001 vol=37816842.2
2018-04-09 23:47:24,464  INFO: FUTU	tiny_strate_sample:on_quote_changed symbol=US.BABA dt=20180409 11:47:23 sma(5) open=172.24200000000005 high=174.64399999999992 close=171.81800000000004 low=169.06199999999984 vol=17648665.4
2018-04-09 23:47:24,490  INFO: FUTU	tiny_strate_sample:on_quote_changed symbol=US.FB dt=20180409 11:47:24 sma(5) open=157.13699999999994 high=159.15700000000004 close=157.42200000000003 low=154.1640000000001 vol=37816866.2
2018-04-09 23:47:24,490  INFO: FUTU	tiny_strate_sample:on_quote_changed symbol=US.FB dt=20180409 11:47:24 sma(5) open=157.13699999999994 high=159.15700000000004 close=157.42200000000003 low=154.1640000000001 vol=37816866.2
2018-04-09 23:47:24,502  INFO: FUTU	tiny_strate_sample:on_quote_changed symbol=US.FB dt=20180409 11:47:24 sma(5) open=157.13699999999994 high=159.15700000000004 close=157.42600000000002 low=154.1640000000001 vol=37816926.2
2018-04-09 23:47:24,703  INFO: FUTU	tiny_strate_sample:on_quote_changed symbol=US.BABA dt=20180409 11:47:24 sma(5) open=172.24200000000005 high=174.64399999999992 close=171.81800000000004 low=169.06199999999984 vol=17648665.4
2018-04-09 23:47:25,020  INFO: FUTU	tiny_strate_sample:on_quote_changed symbol=US.FB dt=20180409 11:47:24 sma(5) open=157.13699999999994 high=159.15700000000004 close=157.42800000000003 low=154.1640000000001 vol=37816976.2
2018-04-09 23:47:25,102  INFO: FUTU	tiny_strate_sample:on_quote_changed symbol=US.FB dt=20180409 11:47:24 sma(5) open=157.13699999999994 high=159.15700000000004 close=157.42800000000003 low=154.1640000000001 vol=37816976.2
2018-04-09 23:47:25,167  INFO: FUTU	tiny_strate_sample:on_quote_changed symbol=US.FB dt=20180409 11:47:24 sma(5) open=157.13699999999994 high=159.15700000000004 close=157.42600000000002 low=154.1640000000001 vol=37817016.2
2018-04-09 23:47:25,359  INFO: FUTU	tiny_strate_sample:on_quote_changed symbol=US.BABA dt=20180409 11:47:24 sma(5) open=172.24200000000005 high=174.64399999999992 close=171.82600000000008 low=169.06199999999984 vol=17648705.4
2018-04-09 23:47:25,399  INFO: FUTU	tiny_strate_sample:on_quote_changed symbol=US.BABA dt=20180409 11:47:24 sma(5) open=172.24200000000005 high=174.64399999999992 close=171.82000000000005 low=169.06199999999984 vol=17648725.4
2018-04-09 23:47:25,504  INFO: FUTU	tiny_strate_sample:on_quote_changed symbol=US.FB dt=20180409 11:47:25 sma(5) open=157.13699999999994 high=159.15700000000004 close=157.42600000000002 low=154.1640000000001 vol=37817036.2
2018-04-09 23:47:25,511  INFO: FUTU	tiny_strate_sample:on_quote_changed symbol=US.FB dt=20180409 11:47:25 sma(5) open=157.13699999999994 high=159.15700000000004 close=157.42600000000002 low=154.1640000000001 vol=37817076.2
2018-04-09 23:47:25,579  INFO: FUTU	tiny_strate_sample:on_quote_changed symbol=US.FB dt=20180409 11:47:25 sma(5) open=157.13699999999994 high=159.15700000000004 close=157.42700000000002 low=154.1640000000001 vol=37817136.2
2018-04-09 23:47:25,668  INFO: FUTU	tiny_strate_sample:on_quote_changed symbol=US.FB dt=20180409 11:47:25 sma(5) open=157.13699999999994 high=159.15700000000004 close=157.42760000000004 low=154.1640000000001 vol=37817236.2
2018-04-09 23:47:25,672  INFO: FUTU	tiny_strate_sample:on_quote_changed symbol=US.BABA dt=20180409 11:47:24 sma(5) open=172.24200000000005 high=174.64399999999992 close=171.82000000000005 low=169.06199999999984 vol=17648725.4
2018-04-09 23:47:25,974  INFO: FUTU	tiny_strate_sample:on_quote_changed symbol=US.FB dt=20180409 11:47:25 sma(5) open=157.13699999999994 high=159.15700000000004 close=157.42000000000002 low=154.1640000000001 vol=37817465.4
2018-04-09 23:47:25,974  INFO: FUTU	tiny_strate_sample:on_quote_changed symbol=US.FB dt=20180409 11:47:25 sma(5) open=157.13699999999994 high=159.15700000000004 close=157.42000000000002 low=154.1640000000001 vol=37817465.4
2018-04-09 23:47:25,974  INFO: FUTU	tiny_strate_sample:on_quote_changed symbol=US.FB dt=20180409 11:47:25 sma(5) open=157.13699999999994 high=159.15700000000004 close=157.42000000000002 low=154.1640000000001 vol=37817465.4
2018-04-09 23:47:25,974  INFO: FUTU	tiny_strate_sample:on_quote_changed symbol=US.FB dt=20180409 11:47:25 sma(5) open=157.13699999999994 high=159.15700000000004 close=157.42000000000002 low=154.1640000000001 vol=37817465.4
2018-04-09 23:47:26,050  INFO: FUTU	tiny_strate_sample:on_quote_changed symbol=US.FB dt=20180409 11:47:25 sma(5) open=157.13699999999994 high=159.15700000000004 close=157.41600000000003 low=154.1640000000001 vol=37817488.4
2018-04-09 23:47:26,132  INFO: FUTU	tiny_strate_sample:on_quote_changed symbol=US.FB dt=20180409 11:47:25 sma(5) open=157.13699999999994 high=159.15700000000004 close=157.41600000000003 low=154.1640000000001 vol=37817488.4
2018-04-09 23:47:26,447  INFO: FUTU	tiny_strate_sample:on_quote_changed symbol=US.FB dt=20180409 11:47:25 sma(5) open=157.13699999999994 high=159.15700000000004 close=157.41800000000003 low=154.1640000000001 vol=37817528.4
2018-04-09 23:47:26,531  INFO: FUTU	tiny_strate_sample:on_quote_changed symbol=US.FB dt=20180409 11:47:26 sma(5) open=157.13699999999994 high=159.15700000000004 close=157.42000000000002 low=154.1640000000001 vol=37817628.4
2018-04-09 23:47:26,716  INFO: FUTU	tiny_strate_sample:on_quote_changed symbol=US.BABA dt=20180409 11:47:26 sma(5) open=172.24200000000005 high=174.64399999999992 close=171.82000000000005 low=169.06199999999984 vol=17648727.4
2018-04-09 23:47:26,733  INFO: FUTU	tiny_strate_sample:on_quote_changed symbol=US.BABA dt=20180409 11:47:26 sma(5) open=172.24200000000005 high=174.64399999999992 close=171.82000000000005 low=169.06199999999984 vol=17648727.4
2018-04-09 23:47:27,004  INFO: FUTU	tiny_strate_sample:on_quote_changed symbol=US.BABA dt=20180409 11:47:26 sma(5) open=172.24200000000005 high=174.64399999999992 close=171.82160000000005 low=169.06199999999984 vol=17648827.4
2018-04-09 23:47:27,181  INFO: FUTU	tiny_strate_sample:on_quote_changed symbol=US.FB dt=20180409 11:47:26 sma(5) open=157.13699999999994 high=159.15700000000004 close=157.42000000000002 low=154.1640000000001 vol=37817644.4
2018-04-09 23:47:27,488  INFO: FUTU	tiny_strate_sample:on_quote_changed symbol=US.FB dt=20180409 11:47:27 sma(5) open=157.13699999999994 high=159.15700000000004 close=157.41600000000003 low=154.1640000000001 vol=37817664.4
2018-04-09 23:47:27,518  INFO: FUTU	tiny_strate_sample:on_quote_changed symbol=US.FB dt=20180409 11:47:27 sma(5) open=157.13699999999994 high=159.15700000000004 close=157.41800000000003 low=154.1640000000001 vol=37817704.4
2018-04-09 23:47:27,705  INFO: FUTU	tiny_strate_sample:on_quote_changed symbol=US.BABA dt=20180409 11:47:27 sma(5) open=172.24200000000005 high=174.64399999999992 close=171.81600000000006 low=169.06199999999984 vol=17648847.6
2018-04-09 23:47:28,078  INFO: FUTU	tiny_strate_sample:on_quote_changed symbol=US.BABA dt=20180409 11:47:27 sma(5) open=172.24200000000005 high=174.64399999999992 close=171.80800000000005 low=169.06199999999984 vol=17648974.6
2018-04-09 23:47:28,089  INFO: FUTU	tiny_strate_sample:on_quote_changed symbol=US.BABA dt=20180409 11:47:27 sma(5) open=172.24200000000005 high=174.64399999999992 close=171.80800000000005 low=169.06199999999984 vol=17648974.6
2018-04-09 23:47:28,089  INFO: FUTU	tiny_strate_sample:on_quote_changed symbol=US.BABA dt=20180409 11:47:27 sma(5) open=172.24200000000005 high=174.64399999999992 close=171.81400000000005 low=169.06199999999984 vol=17649018.6
2018-04-09 23:47:28,089  INFO: FUTU	tiny_strate_sample:on_quote_changed symbol=US.BABA dt=20180409 11:47:27 sma(5) open=172.24200000000005 high=174.64399999999992 close=171.81400000000005 low=169.06199999999984 vol=17649018.6
2018-04-09 23:47:28,089  INFO: FUTU	tiny_strate_sample:on_quote_changed symbol=US.BABA dt=20180409 11:47:27 sma(5) open=172.24200000000005 high=174.64399999999992 close=171.81400000000005 low=169.06199999999984 vol=17649018.6
2018-04-09 23:47:28,194  INFO: FUTU	tiny_strate_sample:on_quote_changed symbol=US.FB dt=20180409 11:47:27 sma(5) open=157.13699999999994 high=159.15700000000004 close=157.41500000000002 low=154.1640000000001 vol=37817844.6
2018-04-09 23:47:28,208  INFO: FUTU	tiny_strate_sample:on_quote_changed symbol=US.BABA dt=20180409 11:47:27 sma(5) open=172.24200000000005 high=174.64399999999992 close=171.81400000000005 low=169.06199999999984 vol=17649018.6
2018-04-09 23:47:28,235  INFO: FUTU	tiny_strate_sample:on_quote_changed symbol=US.FB dt=20180409 11:47:27 sma(5) open=157.13699999999994 high=159.15700000000004 close=157.41200000000003 low=154.1640000000001 vol=37818704.6
2018-04-09 23:47:28,235  INFO: FUTU	tiny_strate_sample:on_quote_changed symbol=US.FB dt=20180409 11:47:27 sma(5) open=157.13699999999994 high=159.15700000000004 close=157.41200000000003 low=154.1640000000001 vol=37818704.6
2018-04-09 23:47:28,478  INFO: FUTU	tiny_strate_sample:on_quote_changed symbol=US.FB dt=20180409 11:47:27 sma(5) open=157.13699999999994 high=159.15700000000004 close=157.41200000000003 low=154.1640000000001 vol=37818704.6
2018-04-09 23:47:28,678  INFO: FUTU	tiny_strate_sample:on_quote_changed symbol=US.FB dt=20180409 11:47:28 sma(5) open=157.13699999999994 high=159.15700000000004 close=157.41200000000003 low=154.1640000000001 vol=37818704.6
2018-04-09 23:47:28,678  INFO: FUTU	tiny_strate_sample:on_quote_changed symbol=US.BABA dt=20180409 11:47:28 sma(5) open=172.24200000000005 high=174.64399999999992 close=171.81400000000005 low=169.06199999999984 vol=17649018.6
2018-04-09 23:47:29,515  INFO: FUTU	tiny_strate_sample:on_quote_changed symbol=US.BABA dt=20180409 11:47:28 sma(5) open=172.24200000000005 high=174.64399999999992 close=171.81020000000007 low=169.06199999999984 vol=17649137.6
2018-04-09 23:47:29,536  INFO: FUTU	tiny_strate_sample:on_quote_changed symbol=US.FB dt=20180409 11:47:28 sma(5) open=157.13699999999994 high=159.15700000000004 close=157.41200000000003 low=154.1640000000001 vol=37818790.6
2018-04-09 23:47:29,603  INFO: FUTU	tiny_strate_sample:on_quote_changed symbol=US.FB dt=20180409 11:47:28 sma(5) open=157.13699999999994 high=159.15700000000004 close=157.41000000000003 low=154.1640000000001 vol=37818905.8
2018-04-09 23:47:29,616  INFO: FUTU	tiny_strate_sample:on_quote_changed symbol=US.FB dt=20180409 11:47:28 sma(5) open=157.13699999999994 high=159.15700000000004 close=157.40400000000002 low=154.1640000000001 vol=37819215.8
2018-04-09 23:47:29,620  INFO: FUTU	tiny_strate_sample:on_quote_changed symbol=US.FB dt=20180409 11:47:28 sma(5) open=157.13699999999994 high=159.15700000000004 close=157.40400000000002 low=154.1640000000001 vol=37819215.8
2018-04-09 23:47:29,620  INFO: FUTU	tiny_strate_sample:on_quote_changed symbol=US.FB dt=20180409 11:47:28 sma(5) open=157.13699999999994 high=159.15700000000004 close=157.40400000000002 low=154.1640000000001 vol=37819215.8
2018-04-09 23:47:29,620  INFO: FUTU	tiny_strate_sample:on_quote_changed symbol=US.FB dt=20180409 11:47:28 sma(5) open=157.13699999999994 high=159.15700000000004 close=157.40400000000002 low=154.1640000000001 vol=37819215.8
2018-04-09 23:47:29,685  INFO: FUTU	tiny_strate_sample:on_quote_changed symbol=US.FB dt=20180409 11:47:28 sma(5) open=157.13699999999994 high=159.15700000000004 close=157.40800000000002 low=154.1640000000001 vol=37819378.2
2018-04-09 23:47:29,688  INFO: FUTU	tiny_strate_sample:on_quote_changed symbol=US.FB dt=20180409 11:47:28 sma(5) open=157.13699999999994 high=159.15700000000004 close=157.40800000000002 low=154.1640000000001 vol=37819378.2
2018-04-09 23:47:29,689  INFO: FUTU	tiny_strate_sample:on_quote_changed symbol=US.BABA dt=20180409 11:47:28 sma(5) open=172.24200000000005 high=174.64399999999992 close=171.81000000000006 low=169.06199999999984 vol=17649217.6
2018-04-09 23:47:29,689  INFO: FUTU	tiny_strate_sample:on_quote_changed symbol=US.FB dt=20180409 11:47:28 sma(5) open=157.13699999999994 high=159.15700000000004 close=157.40800000000002 low=154.1640000000001 vol=37819378.2
2018-04-09 23:47:30,085  INFO: FUTU	tiny_strate_sample:on_quote_changed symbol=US.BABA dt=20180409 11:47:29 sma(5) open=172.24200000000005 high=174.64399999999992 close=171.81200000000007 low=169.06199999999984 vol=17649357.6
2018-04-09 23:47:30,089  INFO: FUTU	tiny_strate_sample:on_quote_changed symbol=US.BABA dt=20180409 11:47:29 sma(5) open=172.24200000000005 high=174.64399999999992 close=171.81200000000007 low=169.06199999999984 vol=17649417.6
2018-04-09 23:47:30,093  INFO: FUTU	tiny_strate_sample:on_quote_changed symbol=US.BABA dt=20180409 11:47:29 sma(5) open=172.24200000000005 high=174.64399999999992 close=171.81000000000006 low=169.06199999999984 vol=17649477.6
2018-04-09 23:47:30,097  INFO: FUTU	tiny_strate_sample:on_quote_changed symbol=US.FB dt=20180409 11:47:29 sma(5) open=157.13699999999994 high=159.15700000000004 close=157.40460000000002 low=154.1640000000001 vol=37819430.2
2018-04-09 23:47:30,640  INFO: FUTU	tiny_strate_sample:on_quote_changed symbol=US.FB dt=20180409 11:47:29 sma(5) open=157.13699999999994 high=159.15700000000004 close=157.40460000000002 low=154.1640000000001 vol=37819430.2
2018-04-09 23:47:30,647  INFO: FUTU	tiny_strate_sample:on_quote_changed symbol=US.BABA dt=20180409 11:47:29 sma(5) open=172.24200000000005 high=174.64399999999992 close=171.81000000000006 low=169.06199999999984 vol=17649477.6
2018-04-09 23:47:30,681  INFO: FUTU	tiny_strate_sample:on_quote_changed symbol=US.FB dt=20180409 11:47:29 sma(5) open=157.13699999999994 high=159.15700000000004 close=157.40460000000002 low=154.1640000000001 vol=37819430.2
2018-04-09 23:47:30,681  INFO: FUTU	tiny_strate_sample:on_quote_changed symbol=US.BABA dt=20180409 11:47:29 sma(5) open=172.24200000000005 high=174.64399999999992 close=171.81000000000006 low=169.06199999999984 vol=17649477.6
2018-04-09 23:47:30,769  INFO: FUTU	tiny_strate_sample:on_quote_changed symbol=US.FB dt=20180409 11:47:29 sma(5) open=157.13699999999994 high=159.15700000000004 close=157.41000000000003 low=154.1640000000001 vol=37819450.2
2018-04-09 23:47:30,800  INFO: FUTU	tiny_strate_sample:on_quote_changed symbol=US.FB dt=20180409 11:47:29 sma(5) open=157.13699999999994 high=159.15700000000004 close=157.41000000000003 low=154.1640000000001 vol=37819580.4
2018-04-09 23:47:31,402  INFO: FUTU	tiny_strate_sample:on_quote_changed symbol=US.FB dt=20180409 11:47:30 sma(5) open=157.13699999999994 high=159.15700000000004 close=157.41000000000003 low=154.1640000000001 vol=37819647.4
2018-04-09 23:47:31,404  INFO: FUTU	tiny_strate_sample:on_quote_changed symbol=US.FB dt=20180409 11:47:30 sma(5) open=157.13699999999994 high=159.15700000000004 close=157.41000000000003 low=154.1640000000001 vol=37819647.4
2018-04-09 23:47:31,446  INFO: FUTU	tiny_strate_sample:on_quote_changed symbol=US.FB dt=20180409 11:47:30 sma(5) open=157.13699999999994 high=159.15700000000004 close=157.411 low=154.1640000000001 vol=37819847.4
2018-04-09 23:47:31,457  INFO: FUTU	tiny_strate_sample:on_quote_changed symbol=US.FB dt=20180409 11:47:30 sma(5) open=157.13699999999994 high=159.15700000000004 close=157.411 low=154.1640000000001 vol=37820007.4
2018-04-09 23:47:31,489  INFO: FUTU	tiny_strate_sample:on_quote_changed symbol=US.FB dt=20180409 11:47:30 sma(5) open=157.13699999999994 high=159.15700000000004 close=157.411 low=154.1640000000001 vol=37820147.4
2018-04-09 23:47:31,762  INFO: FUTU	tiny_strate_sample:on_quote_changed symbol=US.FB dt=20180409 11:47:30 sma(5) open=157.13699999999994 high=159.15700000000004 close=157.411 low=154.1640000000001 vol=37820147.4
2018-04-09 23:47:31,924  INFO: FUTU	tiny_strate_sample:on_quote_changed symbol=US.FB dt=20180409 11:47:31 sma(5) open=157.13699999999994 high=159.15700000000004 close=157.41000000000003 low=154.1640000000001 vol=37820167.4
2018-04-09 23:47:32,033  INFO: FUTU	tiny_strate_sample:on_quote_changed symbol=US.FB dt=20180409 11:47:31 sma(5) open=157.13699999999994 high=159.15700000000004 close=157.41000000000003 low=154.1640000000001 vol=37820197.4
2018-04-09 23:47:32,766  INFO: FUTU	tiny_strate_sample:on_quote_changed symbol=US.FB dt=20180409 11:47:31 sma(5) open=157.13699999999994 high=159.15700000000004 close=157.41400000000004 low=154.1640000000001 vol=37820530.4
2018-04-09 23:47:32,766  INFO: FUTU	tiny_strate_sample:on_quote_changed symbol=US.FB dt=20180409 11:47:31 sma(5) open=157.13699999999994 high=159.15700000000004 close=157.41400000000004 low=154.1640000000001 vol=37820530.4
2018-04-09 23:47:32,766  INFO: FUTU	tiny_strate_sample:on_quote_changed symbol=US.FB dt=20180409 11:47:31 sma(5) open=157.13699999999994 high=159.15700000000004 close=157.41400000000004 low=154.1640000000001 vol=37820530.4
2018-04-09 23:47:32,766  INFO: FUTU	tiny_strate_sample:on_quote_changed symbol=US.FB dt=20180409 11:47:31 sma(5) open=157.13699999999994 high=159.15700000000004 close=157.41400000000004 low=154.1640000000001 vol=37820530.4
2018-04-09 23:47:32,766  INFO: FUTU	tiny_strate_sample:on_quote_changed symbol=US.FB dt=20180409 11:47:31 sma(5) open=157.13699999999994 high=159.15700000000004 close=157.41400000000004 low=154.1640000000001 vol=37820530.4
2018-04-09 23:47:32,766  INFO: FUTU	tiny_strate_sample:on_quote_changed symbol=US.BABA dt=20180409 11:47:31 sma(5) open=172.24200000000005 high=174.64399999999992 close=171.80800000000005 low=169.06199999999984 vol=17649523.0
2018-04-09 23:47:33,135  INFO: FUTU	tiny_strate_sample:on_quote_changed symbol=US.FB dt=20180409 11:47:32 sma(5) open=157.13699999999994 high=159.15700000000004 close=157.41600000000003 low=154.1640000000001 vol=37820630.4
2018-04-09 23:47:33,144  INFO: FUTU	tiny_strate_sample:on_quote_changed symbol=US.FB dt=20180409 11:47:32 sma(5) open=157.13699999999994 high=159.15700000000004 close=157.41400000000004 low=154.1640000000001 vol=37820730.4
2018-04-09 23:47:33,146  INFO: FUTU	tiny_strate_sample:on_quote_changed symbol=US.FB dt=20180409 11:47:32 sma(5) open=157.13699999999994 high=159.15700000000004 close=157.41400000000004 low=154.1640000000001 vol=37820730.4
2018-04-09 23:47:33,389  INFO: FUTU	tiny_strate_sample:on_quote_changed symbol=US.FB dt=20180409 11:47:32 sma(5) open=157.13699999999994 high=159.15700000000004 close=157.41400000000004 low=154.1640000000001 vol=37820790.4
2018-04-09 23:47:33,391  INFO: FUTU	tiny_strate_sample:on_quote_changed symbol=US.FB dt=20180409 11:47:32 sma(5) open=157.13699999999994 high=159.15700000000004 close=157.41400000000004 low=154.1640000000001 vol=37820790.4
2018-04-09 23:47:33,416  INFO: FUTU	tiny_strate_sample:on_quote_changed symbol=US.FB dt=20180409 11:47:32 sma(5) open=157.13699999999994 high=159.15700000000004 close=157.41200000000003 low=154.1640000000001 vol=37821070.4
2018-04-09 23:47:33,503  INFO: FUTU	tiny_strate_sample:on_quote_changed symbol=US.FB dt=20180409 11:47:32 sma(5) open=157.13699999999994 high=159.15700000000004 close=157.41000000000003 low=154.1640000000001 vol=37821091.0
2018-04-09 23:47:33,619  INFO: FUTU	tiny_strate_sample:on_quote_changed symbol=US.BABA dt=20180409 11:47:31 sma(5) open=172.24200000000005 high=174.64399999999992 close=171.80800000000005 low=169.06199999999984 vol=17649543.4
2018-04-09 23:47:33,673  INFO: FUTU	tiny_strate_sample:on_quote_changed symbol=US.BABA dt=20180409 11:47:32 sma(5) open=172.24200000000005 high=174.64399999999992 close=171.80800000000005 low=169.06199999999984 vol=17649543.4
2018-04-09 23:47:33,760  INFO: FUTU	tiny_strate_sample:on_quote_changed symbol=US.FB dt=20180409 11:47:32 sma(5) open=157.13699999999994 high=159.15700000000004 close=157.41200000000003 low=154.1640000000001 vol=37821151.0
2018-04-09 23:47:33,883  INFO: FUTU	tiny_strate_sample:on_quote_changed symbol=US.FB dt=20180409 11:47:33 sma(5) open=157.13699999999994 high=159.15700000000004 close=157.41200000000003 low=154.1640000000001 vol=37822233.6
2018-04-09 23:47:33,889  INFO: FUTU	tiny_strate_sample:on_quote_changed symbol=US.FB dt=20180409 11:47:33 sma(5) open=157.13699999999994 high=159.15700000000004 close=157.41200000000003 low=154.1640000000001 vol=37822233.6
2018-04-09 23:47:33,894  INFO: FUTU	tiny_strate_sample:on_quote_changed symbol=US.FB dt=20180409 11:47:33 sma(5) open=157.13699999999994 high=159.15700000000004 close=157.41200000000003 low=154.1640000000001 vol=37822811.0
2018-04-09 23:47:33,895  INFO: FUTU	tiny_strate_sample:on_quote_changed symbol=US.FB dt=20180409 11:47:33 sma(5) open=157.13699999999994 high=159.15700000000004 close=157.41200000000003 low=154.1640000000001 vol=37822811.0
2018-04-09 23:47:33,948  INFO: FUTU	tiny_strate_sample:on_quote_changed symbol=US.FB dt=20180409 11:47:33 sma(5) open=157.13699999999994 high=159.15700000000004 close=157.41600000000003 low=154.1640000000001 vol=37822977.0
2018-04-09 23:47:34,314  INFO: FUTU	tiny_strate_sample:on_quote_changed symbol=US.FB dt=20180409 11:47:33 sma(5) open=157.13699999999994 high=159.15700000000004 close=157.41800000000003 low=154.1640000000001 vol=37823037.0
2018-04-09 23:47:34,385  INFO: FUTU	tiny_strate_sample:on_quote_changed symbol=US.FB dt=20180409 11:47:33 sma(5) open=157.13699999999994 high=159.15700000000004 close=157.41800000000003 low=154.1640000000001 vol=37823037.0
2018-04-09 23:47:34,671  INFO: FUTU	tiny_strate_sample:on_quote_changed symbol=US.FB dt=20180409 11:47:33 sma(5) open=157.13699999999994 high=159.15700000000004 close=157.41800000000003 low=154.1640000000001 vol=37823043.0
2018-04-09 23:47:34,887  INFO: FUTU	tiny_strate_sample:on_quote_changed symbol=US.FB dt=20180409 11:47:33 sma(5) open=157.13699999999994 high=159.15700000000004 close=157.42000000000002 low=154.1640000000001 vol=37823337.4
2018-04-09 23:47:34,888  INFO: FUTU	tiny_strate_sample:on_quote_changed symbol=US.FB dt=20180409 11:47:34 sma(5) open=157.13699999999994 high=159.15700000000004 close=157.42000000000002 low=154.1640000000001 vol=37823337.4
2018-04-09 23:47:34,888  INFO: FUTU	tiny_strate_sample:on_quote_changed symbol=US.FB dt=20180409 11:47:34 sma(5) open=157.13699999999994 high=159.15700000000004 close=157.42000000000002 low=154.1640000000001 vol=37823337.4
2018-04-09 23:47:34,888  INFO: FUTU	tiny_strate_sample:on_quote_changed symbol=US.BABA dt=20180409 11:47:32 sma(5) open=172.24200000000005 high=174.64399999999992 close=171.80800000000005 low=169.06199999999984 vol=17649553.4
2018-04-09 23:47:35,114  INFO: FUTU	tiny_strate_sample:on_quote_changed symbol=US.FB dt=20180409 11:47:34 sma(5) open=157.13699999999994 high=159.15700000000004 close=157.41800000000003 low=154.1640000000001 vol=37823357.4
2018-04-09 23:47:35,738  INFO: FUTU	tiny_strate_sample:on_quote_changed symbol=US.FB dt=20180409 11:47:34 sma(5) open=157.13699999999994 high=159.15700000000004 close=157.41900000000004 low=154.1640000000001 vol=37823431.8
2018-04-09 23:47:35,740  INFO: FUTU	tiny_strate_sample:on_quote_changed symbol=US.BABA dt=20180409 11:47:34 sma(5) open=172.24200000000005 high=174.64399999999992 close=171.80800000000005 low=169.06199999999984 vol=17649553.4
2018-04-09 23:47:35,740  INFO: FUTU	tiny_strate_sample:on_quote_changed symbol=US.FB dt=20180409 11:47:34 sma(5) open=157.13699999999994 high=159.15700000000004 close=157.41900000000004 low=154.1640000000001 vol=37823431.8
2018-04-09 23:47:35,877  INFO: FUTU	tiny_strate_sample:on_quote_changed symbol=US.FB dt=20180409 11:47:35 sma(5) open=157.13699999999994 high=159.15700000000004 close=157.42000000000002 low=154.1640000000001 vol=37823451.8
2018-04-09 23:47:36,263  INFO: FUTU	tiny_strate_sample:on_quote_changed symbol=US.FB dt=20180409 11:47:35 sma(5) open=157.13699999999994 high=159.15700000000004 close=157.41800000000003 low=154.1640000000001 vol=37823733.6
2018-04-09 23:47:36,264  INFO: FUTU	tiny_strate_sample:on_quote_changed symbol=US.FB dt=20180409 11:47:35 sma(5) open=157.13699999999994 high=159.15700000000004 close=157.41800000000003 low=154.1640000000001 vol=37823733.6
2018-04-09 23:47:36,277  INFO: FUTU	tiny_strate_sample:on_quote_changed symbol=US.FB dt=20180409 11:47:35 sma(5) open=157.13699999999994 high=159.15700000000004 close=157.42200000000003 low=154.1640000000001 vol=37823871.8
2018-04-09 23:47:36,284  INFO: FUTU	tiny_strate_sample:on_quote_changed symbol=US.FB dt=20180409 11:47:35 sma(5) open=157.13699999999994 high=159.15700000000004 close=157.42200000000003 low=154.1640000000001 vol=37823871.8
2018-04-09 23:47:36,284  INFO: FUTU	tiny_strate_sample:on_quote_changed symbol=US.FB dt=20180409 11:47:35 sma(5) open=157.13699999999994 high=159.15700000000004 close=157.42200000000003 low=154.1640000000001 vol=37823871.8
2018-04-09 23:47:36,284  INFO: FUTU	tiny_strate_sample:on_quote_changed symbol=US.FB dt=20180409 11:47:35 sma(5) open=157.13699999999994 high=159.15700000000004 close=157.42200000000003 low=154.1640000000001 vol=37823936.2
2018-04-09 23:47:36,284  INFO: FUTU	tiny_strate_sample:on_quote_changed symbol=US.FB dt=20180409 11:47:35 sma(5) open=157.13699999999994 high=159.15700000000004 close=157.42200000000003 low=154.1640000000001 vol=37823936.2
2018-04-09 23:47:36,449  INFO: FUTU	tiny_strate_sample:on_quote_changed symbol=US.FB dt=20180409 11:47:35 sma(5) open=157.13699999999994 high=159.15700000000004 close=157.42400000000004 low=154.1640000000001 vol=37823957.8
2018-04-09 23:47:36,577  INFO: FUTU	tiny_strate_sample:on_quote_changed symbol=US.FB dt=20180409 11:47:35 sma(5) open=157.13699999999994 high=159.15700000000004 close=157.42400000000004 low=154.1640000000001 vol=37823996.2
2018-04-09 23:47:36,643  INFO: FUTU	tiny_strate_sample:on_quote_changed symbol=US.FB dt=20180409 11:47:35 sma(5) open=157.13699999999994 high=159.15700000000004 close=157.42600000000002 low=154.1640000000001 vol=37824016.2
2018-04-09 23:47:36,722  INFO: FUTU	tiny_strate_sample:on_quote_changed symbol=US.BABA dt=20180409 11:47:34 sma(5) open=172.24200000000005 high=174.64399999999992 close=171.80800000000005 low=169.06199999999984 vol=17649553.4
2018-04-09 23:47:36,744  INFO: FUTU	tiny_strate_sample:on_quote_changed symbol=US.FB dt=20180409 11:47:35 sma(5) open=157.13699999999994 high=159.15700000000004 close=157.42600000000002 low=154.1640000000001 vol=37824056.4
2018-04-09 23:47:36,838  INFO: FUTU	tiny_strate_sample:on_quote_changed symbol=US.BABA dt=20180409 11:47:36 sma(5) open=172.24200000000005 high=174.64399999999992 close=171.82460000000006 low=169.06199999999984 vol=17649673.4
2018-04-09 23:47:36,840  INFO: FUTU	tiny_strate_sample:on_quote_changed symbol=US.FB dt=20180409 11:47:35 sma(5) open=157.13699999999994 high=159.15700000000004 close=157.42600000000002 low=154.1640000000001 vol=37824056.6
2018-04-09 23:47:37,340  INFO: FUTU	tiny_strate_sample:on_quote_changed symbol=US.FB dt=20180409 11:47:36 sma(5) open=157.13699999999994 high=159.15700000000004 close=157.42600000000002 low=154.1640000000001 vol=37824116.6
2018-04-09 23:47:37,344  INFO: FUTU	tiny_strate_sample:on_quote_changed symbol=US.FB dt=20180409 11:47:36 sma(5) open=157.13699999999994 high=159.15700000000004 close=157.42600000000002 low=154.1640000000001 vol=37824136.6
2018-04-09 23:47:37,347  INFO: FUTU	tiny_strate_sample:on_quote_changed symbol=US.FB dt=20180409 11:47:36 sma(5) open=157.13699999999994 high=159.15700000000004 close=157.42600000000002 low=154.1640000000001 vol=37824136.6
2018-04-09 23:47:37,351  INFO: FUTU	tiny_strate_sample:on_quote_changed symbol=US.FB dt=20180409 11:47:36 sma(5) open=157.13699999999994 high=159.15700000000004 close=157.42800000000003 low=154.1640000000001 vol=37824156.6
2018-04-09 23:47:37,827  INFO: FUTU	tiny_strate_sample:on_quote_changed symbol=US.BABA dt=20180409 11:47:37 sma(5) open=172.24200000000005 high=174.64399999999992 close=171.82000000000005 low=169.06199999999984 vol=17649693.4
2018-04-09 23:47:37,841  INFO: FUTU	tiny_strate_sample:on_quote_changed symbol=US.FB dt=20180409 11:47:36 sma(5) open=157.13699999999994 high=159.15700000000004 close=157.42800000000003 low=154.1640000000001 vol=37824156.6
2018-04-09 23:47:37,854  INFO: FUTU	tiny_strate_sample:on_quote_changed symbol=US.BABA dt=20180409 11:47:37 sma(5) open=172.24200000000005 high=174.64399999999992 close=171.82000000000005 low=169.06199999999984 vol=17649693.4
2018-04-09 23:47:38,714  INFO: FUTU	tiny_strate_sample:on_quote_changed symbol=US.FB dt=20180409 11:47:37 sma(5) open=157.13699999999994 high=159.15700000000004 close=157.42800000000003 low=154.1640000000001 vol=37824156.6
2018-04-09 23:47:38,715  INFO: FUTU	tiny_strate_sample:on_quote_changed symbol=US.BABA dt=20180409 11:47:37 sma(5) open=172.24200000000005 high=174.64399999999992 close=171.82000000000005 low=169.06199999999984 vol=17649693.4
2018-04-09 23:47:38,881  INFO: FUTU	tiny_strate_sample:on_quote_changed symbol=US.BABA dt=20180409 11:47:37 sma(5) open=172.24200000000005 high=174.64399999999992 close=171.82000000000005 low=169.06199999999984 vol=17649693.4
2018-04-09 23:47:38,912  INFO: FUTU	tiny_strate_sample:on_quote_changed symbol=US.FB dt=20180409 11:47:38 sma(5) open=157.13699999999994 high=159.15700000000004 close=157.42600000000002 low=154.1640000000001 vol=37824236.6
2018-04-09 23:47:38,913  INFO: FUTU	tiny_strate_sample:on_quote_changed symbol=US.FB dt=20180409 11:47:38 sma(5) open=157.13699999999994 high=159.15700000000004 close=157.42600000000002 low=154.1640000000001 vol=37824236.6
2018-04-09 23:47:38,970  INFO: FUTU	tiny_strate_sample:on_quote_changed symbol=US.FB dt=20180409 11:47:38 sma(5) open=157.13699999999994 high=159.15700000000004 close=157.42400000000004 low=154.1640000000001 vol=37824276.6
2018-04-09 23:47:38,973  INFO: FUTU	tiny_strate_sample:on_quote_changed symbol=US.FB dt=20180409 11:47:38 sma(5) open=157.13699999999994 high=159.15700000000004 close=157.42400000000004 low=154.1640000000001 vol=37824856.6
2018-04-09 23:47:39,253  INFO: FUTU	tiny_strate_sample:on_quote_changed symbol=US.FB dt=20180409 11:47:38 sma(5) open=157.13699999999994 high=159.15700000000004 close=157.4264 low=154.1640000000001 vol=37824876.6
2018-04-09 23:47:39,382  INFO: FUTU	tiny_strate_sample:on_quote_changed symbol=US.FB dt=20180409 11:47:38 sma(5) open=157.13699999999994 high=159.15700000000004 close=157.4264 low=154.1640000000001 vol=37824876.6
2018-04-09 23:47:39,756  INFO: FUTU	tiny_strate_sample:on_quote_changed symbol=US.FB dt=20180409 11:47:38 sma(5) open=157.13699999999994 high=159.15700000000004 close=157.4264 low=154.1640000000001 vol=37824877.2
2018-04-09 23:47:39,756  INFO: FUTU	tiny_strate_sample:on_quote_changed symbol=US.BABA dt=20180409 11:47:38 sma(5) open=172.24200000000005 high=174.64399999999992 close=171.82000000000005 low=169.06199999999984 vol=17649693.4
2018-04-09 23:47:39,958  INFO: FUTU	tiny_strate_sample:on_quote_changed symbol=US.BABA dt=20180409 11:47:38 sma(5) open=172.24200000000005 high=174.64399999999992 close=171.82000000000005 low=169.06199999999984 vol=17649693.4
2018-04-09 23:47:40,461  INFO: FUTU	tiny_strate_sample:on_quote_changed symbol=US.BABA dt=20180409 11:47:39 sma(5) open=172.24200000000005 high=174.64399999999992 close=171.82200000000006 low=169.06199999999984 vol=17649733.4
2018-04-09 23:47:40,464  INFO: FUTU	tiny_strate_sample:on_quote_changed symbol=US.FB dt=20180409 11:47:39 sma(5) open=157.13699999999994 high=159.15700000000004 close=157.42400000000004 low=154.1640000000001 vol=37824897.2
2018-04-09 23:47:40,465  INFO: FUTU	tiny_strate_sample:on_quote_changed symbol=US.FB dt=20180409 11:47:39 sma(5) open=157.13699999999994 high=159.15700000000004 close=157.42400000000004 low=154.1640000000001 vol=37824897.2
2018-04-09 23:47:40,688  INFO: FUTU	tiny_strate_sample:on_quote_changed symbol=US.FB dt=20180409 11:47:39 sma(5) open=157.13699999999994 high=159.15700000000004 close=157.42980000000003 low=154.1640000000001 vol=37825097.2
2018-04-09 23:47:40,891  INFO: FUTU	tiny_strate_sample:on_quote_changed symbol=US.FB dt=20180409 11:47:40 sma(5) open=157.13699999999994 high=159.15700000000004 close=157.42000000000002 low=154.1640000000001 vol=37825177.2
2018-04-09 23:47:40,909  INFO: FUTU	tiny_strate_sample:on_quote_changed symbol=US.FB dt=20180409 11:47:40 sma(5) open=157.13699999999994 high=159.15700000000004 close=157.41400000000004 low=154.1640000000001 vol=37825837.2
2018-04-09 23:47:40,910  INFO: FUTU	tiny_strate_sample:on_quote_changed symbol=US.FB dt=20180409 11:47:40 sma(5) open=157.13699999999994 high=159.15700000000004 close=157.41400000000004 low=154.1640000000001 vol=37825837.2
2018-04-09 23:47:40,910  INFO: FUTU	tiny_strate_sample:on_quote_changed symbol=US.FB dt=20180409 11:47:40 sma(5) open=157.13699999999994 high=159.15700000000004 close=157.41400000000004 low=154.1640000000001 vol=37825837.2
2018-04-09 23:47:40,910  INFO: FUTU	tiny_strate_sample:on_quote_changed symbol=US.FB dt=20180409 11:47:40 sma(5) open=157.13699999999994 high=159.15700000000004 close=157.41400000000004 low=154.1640000000001 vol=37825837.2
2018-04-09 23:47:40,923  INFO: FUTU	tiny_strate_sample:on_quote_changed symbol=US.FB dt=20180409 11:47:40 sma(5) open=157.13699999999994 high=159.15700000000004 close=157.41400000000004 low=154.1640000000001 vol=37825897.2
2018-04-09 23:47:41,226  INFO: FUTU	tiny_strate_sample:on_quote_changed symbol=US.FB dt=20180409 11:47:40 sma(5) open=157.13699999999994 high=159.15700000000004 close=157.41800000000003 low=154.1640000000001 vol=37825917.2
2018-04-09 23:47:41,249  INFO: FUTU	tiny_strate_sample:on_quote_changed symbol=US.FB dt=20180409 11:47:40 sma(5) open=157.13699999999994 high=159.15700000000004 close=157.42000000000002 low=154.1640000000001 vol=37826002.4
2018-04-09 23:47:41,266  INFO: FUTU	tiny_strate_sample:on_quote_changed symbol=US.FB dt=20180409 11:47:40 sma(5) open=157.13699999999994 high=159.15700000000004 close=157.42000000000002 low=154.1640000000001 vol=37826002.4
2018-04-09 23:47:41,267  INFO: FUTU	tiny_strate_sample:on_quote_changed symbol=US.FB dt=20180409 11:47:40 sma(5) open=157.13699999999994 high=159.15700000000004 close=157.42000000000002 low=154.1640000000001 vol=37826002.4
2018-04-09 23:47:41,301  INFO: FUTU	tiny_strate_sample:on_quote_changed symbol=US.FB dt=20180409 11:47:40 sma(5) open=157.13699999999994 high=159.15700000000004 close=157.42200000000003 low=154.1640000000001 vol=37826067.6
2018-04-09 23:47:41,301  INFO: FUTU	tiny_strate_sample:on_quote_changed symbol=US.BABA dt=20180409 11:47:40 sma(5) open=172.24200000000005 high=174.64399999999992 close=171.82300000000004 low=169.06199999999984 vol=17649773.4
2018-04-09 23:47:41,348  INFO: FUTU	tiny_strate_sample:on_quote_changed symbol=US.FB dt=20180409 11:47:40 sma(5) open=157.13699999999994 high=159.15700000000004 close=157.425 low=154.1640000000001 vol=37826347.6
2018-04-09 23:47:41,351  INFO: FUTU	tiny_strate_sample:on_quote_changed symbol=US.FB dt=20180409 11:47:40 sma(5) open=157.13699999999994 high=159.15700000000004 close=157.425 low=154.1640000000001 vol=37826347.6
2018-04-09 23:47:41,606  INFO: FUTU	tiny_strate_sample:on_quote_changed symbol=US.FB dt=20180409 11:47:40 sma(5) open=157.13699999999994 high=159.15700000000004 close=157.425 low=154.1640000000001 vol=37827009.6
2018-04-09 23:47:41,607  INFO: FUTU	tiny_strate_sample:on_quote_changed symbol=US.FB dt=20180409 11:47:40 sma(5) open=157.13699999999994 high=159.15700000000004 close=157.425 low=154.1640000000001 vol=37827009.6
2018-04-09 23:47:41,607  INFO: FUTU	tiny_strate_sample:on_quote_changed symbol=US.FB dt=20180409 11:47:40 sma(5) open=157.13699999999994 high=159.15700000000004 close=157.425 low=154.1640000000001 vol=37827009.6
2018-04-09 23:47:41,607  INFO: FUTU	tiny_strate_sample:on_quote_changed symbol=US.FB dt=20180409 11:47:40 sma(5) open=157.13699999999994 high=159.15700000000004 close=157.425 low=154.1640000000001 vol=37827009.6
2018-04-09 23:47:41,607  INFO: FUTU	tiny_strate_sample:on_quote_changed symbol=US.FB dt=20180409 11:47:40 sma(5) open=157.13699999999994 high=159.15700000000004 close=157.425 low=154.1640000000001 vol=37827009.6
2018-04-09 23:47:41,607  INFO: FUTU	tiny_strate_sample:on_quote_changed symbol=US.FB dt=20180409 11:47:40 sma(5) open=157.13699999999994 high=159.15700000000004 close=157.425 low=154.1640000000001 vol=37827009.6
2018-04-09 23:47:41,609  INFO: FUTU	tiny_strate_sample:on_quote_changed symbol=US.FB dt=20180409 11:47:40 sma(5) open=157.13699999999994 high=159.15700000000004 close=157.425 low=154.1640000000001 vol=37827369.6
2018-04-09 23:47:41,609  INFO: FUTU	tiny_strate_sample:on_quote_changed symbol=US.FB dt=20180409 11:47:40 sma(5) open=157.13699999999994 high=159.15700000000004 close=157.425 low=154.1640000000001 vol=37827369.6
2018-04-09 23:47:41,609  INFO: FUTU	tiny_strate_sample:on_quote_changed symbol=US.FB dt=20180409 11:47:40 sma(5) open=157.13699999999994 high=159.15700000000004 close=157.425 low=154.1640000000001 vol=37827369.6
2018-04-09 23:47:41,610  INFO: FUTU	tiny_strate_sample:on_quote_changed symbol=US.FB dt=20180409 11:47:40 sma(5) open=157.13699999999994 high=159.15700000000004 close=157.425 low=154.1640000000001 vol=37827369.6
2018-04-09 23:47:41,610  INFO: FUTU	tiny_strate_sample:on_quote_changed symbol=US.FB dt=20180409 11:47:40 sma(5) open=157.13699999999994 high=159.15700000000004 close=157.425 low=154.1640000000001 vol=37827369.6
2018-04-09 23:47:41,615  INFO: FUTU	tiny_strate_sample:on_quote_changed symbol=US.FB dt=20180409 11:47:40 sma(5) open=157.13699999999994 high=159.15700000000004 close=157.42600000000002 low=154.1640000000001 vol=37827429.6
2018-04-09 23:47:41,621  INFO: FUTU	tiny_strate_sample:on_quote_changed symbol=US.FB dt=20180409 11:47:40 sma(5) open=157.13699999999994 high=159.15700000000004 close=157.42600000000002 low=154.1640000000001 vol=37827429.6
2018-04-09 23:47:41,632  INFO: FUTU	tiny_strate_sample:on_quote_changed symbol=US.FB dt=20180409 11:47:40 sma(5) open=157.13699999999994 high=159.15700000000004 close=157.42600000000002 low=154.1640000000001 vol=37827449.6
2018-04-09 23:47:41,640  INFO: FUTU	tiny_strate_sample:on_quote_changed symbol=US.FB dt=20180409 11:47:40 sma(5) open=157.13699999999994 high=159.15700000000004 close=157.42600000000002 low=154.1640000000001 vol=37827529.6
2018-04-09 23:47:41,641  INFO: FUTU	tiny_strate_sample:on_quote_changed symbol=US.FB dt=20180409 11:47:40 sma(5) open=157.13699999999994 high=159.15700000000004 close=157.42600000000002 low=154.1640000000001 vol=37827529.6
2018-04-09 23:47:41,649  INFO: FUTU	tiny_strate_sample:on_quote_changed symbol=US.FB dt=20180409 11:47:40 sma(5) open=157.13699999999994 high=159.15700000000004 close=157.42600000000002 low=154.1640000000001 vol=37827649.6
2018-04-09 23:47:41,650  INFO: FUTU	tiny_strate_sample:on_quote_changed symbol=US.FB dt=20180409 11:47:40 sma(5) open=157.13699999999994 high=159.15700000000004 close=157.42600000000002 low=154.1640000000001 vol=37827649.6
2018-04-09 23:47:41,654  INFO: FUTU	tiny_strate_sample:on_quote_changed symbol=US.FB dt=20180409 11:47:40 sma(5) open=157.13699999999994 high=159.15700000000004 close=157.42600000000002 low=154.1640000000001 vol=37827669.6
2018-04-09 23:47:41,701  INFO: FUTU	tiny_strate_sample:on_quote_changed symbol=US.FB dt=20180409 11:47:40 sma(5) open=157.13699999999994 high=159.15700000000004 close=157.42400000000004 low=154.1640000000001 vol=37827689.6
2018-04-09 23:47:41,726  INFO: FUTU	tiny_strate_sample:on_quote_changed symbol=US.FB dt=20180409 11:47:40 sma(5) open=157.13699999999994 high=159.15700000000004 close=157.42400000000004 low=154.1640000000001 vol=37827689.6
2018-04-09 23:47:42,134  INFO: FUTU	tiny_strate_sample:on_quote_changed symbol=US.BABA dt=20180409 11:47:40 sma(5) open=172.24200000000005 high=174.64399999999992 close=171.82300000000004 low=169.06199999999984 vol=17649773.4
2018-04-09 23:47:42,748  INFO: FUTU	tiny_strate_sample:on_quote_changed symbol=US.FB dt=20180409 11:47:41 sma(5) open=157.13699999999994 high=159.15700000000004 close=157.42400000000004 low=154.1640000000001 vol=37827704.0
2018-04-09 23:47:42,749  INFO: FUTU	tiny_strate_sample:on_quote_changed symbol=US.BABA dt=20180409 11:47:41 sma(5) open=172.24200000000005 high=174.64399999999992 close=171.82300000000004 low=169.06199999999984 vol=17649773.4
2018-04-09 23:47:42,749  INFO: FUTU	tiny_strate_sample:on_quote_changed symbol=US.FB dt=20180409 11:47:41 sma(5) open=157.13699999999994 high=159.15700000000004 close=157.42400000000004 low=154.1640000000001 vol=37827704.0
2018-04-09 23:47:42,885  INFO: FUTU	tiny_strate_sample:on_quote_changed symbol=US.FB dt=20180409 11:47:42 sma(5) open=157.13699999999994 high=159.15700000000004 close=157.42700000000002 low=154.1640000000001 vol=37827814.0
2018-04-09 23:47:42,894  INFO: FUTU	tiny_strate_sample:on_quote_changed symbol=US.FB dt=20180409 11:47:42 sma(5) open=157.13699999999994 high=159.15700000000004 close=157.42000000000002 low=154.1640000000001 vol=37827978.0
2018-04-09 23:47:42,894  INFO: FUTU	tiny_strate_sample:on_quote_changed symbol=US.FB dt=20180409 11:47:42 sma(5) open=157.13699999999994 high=159.15700000000004 close=157.42000000000002 low=154.1640000000001 vol=37827978.0
2018-04-09 23:47:43,398  INFO: FUTU	tiny_strate_sample:on_quote_changed symbol=US.FB dt=20180409 11:47:42 sma(5) open=157.13699999999994 high=159.15700000000004 close=157.41200000000003 low=154.1640000000001 vol=37828138.0
2018-04-09 23:47:43,410  INFO: FUTU	tiny_strate_sample:on_quote_changed symbol=US.FB dt=20180409 11:47:42 sma(5) open=157.13699999999994 high=159.15700000000004 close=157.41200000000003 low=154.1640000000001 vol=37828138.0
2018-04-09 23:47:43,410  INFO: FUTU	tiny_strate_sample:on_quote_changed symbol=US.FB dt=20180409 11:47:42 sma(5) open=157.13699999999994 high=159.15700000000004 close=157.41200000000003 low=154.1640000000001 vol=37828185.6
2018-04-09 23:47:43,410  INFO: FUTU	tiny_strate_sample:on_quote_changed symbol=US.FB dt=20180409 11:47:42 sma(5) open=157.13699999999994 high=159.15700000000004 close=157.41200000000003 low=154.1640000000001 vol=37828185.6
2018-04-09 23:47:43,411  INFO: FUTU	tiny_strate_sample:on_quote_changed symbol=US.FB dt=20180409 11:47:42 sma(5) open=157.13699999999994 high=159.15700000000004 close=157.41200000000003 low=154.1640000000001 vol=37828185.6
2018-04-09 23:47:43,411  INFO: FUTU	tiny_strate_sample:on_quote_changed symbol=US.FB dt=20180409 11:47:42 sma(5) open=157.13699999999994 high=159.15700000000004 close=157.41200000000003 low=154.1640000000001 vol=37828185.6
2018-04-09 23:47:43,424  INFO: FUTU	tiny_strate_sample:on_quote_changed symbol=US.BABA dt=20180409 11:47:41 sma(5) open=172.24200000000005 high=174.64399999999992 close=171.82300000000004 low=169.06199999999984 vol=17649773.6
2018-04-09 23:47:43,674  INFO: FUTU	tiny_strate_sample:on_quote_changed symbol=US.BABA dt=20180409 11:47:42 sma(5) open=172.24200000000005 high=174.64399999999992 close=171.82300000000004 low=169.06199999999984 vol=17649773.6
2018-04-09 23:47:43,848  INFO: FUTU	tiny_strate_sample:on_quote_changed symbol=US.FB dt=20180409 11:47:43 sma(5) open=157.13699999999994 high=159.15700000000004 close=157.41200000000003 low=154.1640000000001 vol=37828218.0
2018-04-09 23:47:43,906  INFO: FUTU	tiny_strate_sample:on_quote_changed symbol=US.FB dt=20180409 11:47:43 sma(5) open=157.13699999999994 high=159.15700000000004 close=157.41200000000003 low=154.1640000000001 vol=37828218.0
2018-04-09 23:47:44,206  INFO: FUTU	tiny_strate_sample:on_quote_changed symbol=US.FB dt=20180409 11:47:43 sma(5) open=157.13699999999994 high=159.15700000000004 close=157.41000000000003 low=154.1640000000001 vol=37828340.0
2018-04-09 23:47:45,202  INFO: FUTU	tiny_strate_sample:on_quote_changed symbol=US.BABA dt=20180409 11:47:42 sma(5) open=172.24200000000005 high=174.64399999999992 close=171.82300000000004 low=169.06199999999984 vol=17649773.6
2018-04-09 23:47:45,203  INFO: FUTU	tiny_strate_sample:on_quote_changed symbol=US.FB dt=20180409 11:47:43 sma(5) open=157.13699999999994 high=159.15700000000004 close=157.41000000000003 low=154.1640000000001 vol=37828343.2
2018-04-09 23:47:45,695  INFO: FUTU	tiny_strate_sample:on_quote_changed symbol=US.FB dt=20180409 11:47:44 sma(5) open=157.13699999999994 high=159.15700000000004 close=157.41000000000003 low=154.1640000000001 vol=37828343.2
2018-04-09 23:47:45,695  INFO: FUTU	tiny_strate_sample:on_quote_changed symbol=US.BABA dt=20180409 11:47:44 sma(5) open=172.24200000000005 high=174.64399999999992 close=171.82300000000004 low=169.06199999999984 vol=17649773.6
2018-04-09 23:47:46,307  INFO: FUTU	tiny_strate_sample:on_quote_changed symbol=US.BABA dt=20180409 11:47:44 sma(5) open=172.24200000000005 high=174.64399999999992 close=171.82300000000004 low=169.06199999999984 vol=17649773.6
2018-04-09 23:47:46,398  INFO: FUTU	tiny_strate_sample:on_quote_changed symbol=US.FB dt=20180409 11:47:44 sma(5) open=157.13699999999994 high=159.15700000000004 close=157.41000000000003 low=154.1640000000001 vol=37828354.4
2018-04-09 23:47:46,665  INFO: FUTU	tiny_strate_sample:on_quote_changed symbol=US.BABA dt=20180409 11:47:45 sma(5) open=172.24200000000005 high=174.64399999999992 close=171.82500000000005 low=169.06199999999984 vol=17649835.6
2018-04-09 23:47:46,670  INFO: FUTU	tiny_strate_sample:on_quote_changed symbol=US.FB dt=20180409 11:47:45 sma(5) open=157.13699999999994 high=159.15700000000004 close=157.41000000000003 low=154.1640000000001 vol=37828354.4
2018-04-09 23:47:47,663  INFO: FUTU	tiny_strate_sample:on_quote_changed symbol=US.FB dt=20180409 11:47:45 sma(5) open=157.13699999999994 high=159.15700000000004 close=157.40800000000002 low=154.1640000000001 vol=37828394.4
2018-04-09 23:47:47,664  INFO: FUTU	tiny_strate_sample:on_quote_changed symbol=US.FB dt=20180409 11:47:46 sma(5) open=157.13699999999994 high=159.15700000000004 close=157.40800000000002 low=154.1640000000001 vol=37828394.4
2018-04-09 23:47:47,679  INFO: FUTU	tiny_strate_sample:on_quote_changed symbol=US.BABA dt=20180409 11:47:45 sma(5) open=172.24200000000005 high=174.64399999999992 close=171.82500000000005 low=169.06199999999984 vol=17649844.2
2018-04-09 23:47:48,329  INFO: FUTU	tiny_strate_sample:on_quote_changed symbol=US.FB dt=20180409 11:47:47 sma(5) open=157.13699999999994 high=159.15700000000004 close=157.41000000000003 low=154.1640000000001 vol=37828601.4
2018-04-09 23:47:48,330  INFO: FUTU	tiny_strate_sample:on_quote_changed symbol=US.FB dt=20180409 11:47:47 sma(5) open=157.13699999999994 high=159.15700000000004 close=157.41000000000003 low=154.1640000000001 vol=37828601.4
2018-04-09 23:47:48,675  INFO: FUTU	tiny_strate_sample:on_quote_changed symbol=US.BABA dt=20180409 11:47:47 sma(5) open=172.24200000000005 high=174.64399999999992 close=171.82500000000005 low=169.06199999999984 vol=17649844.2
2018-04-09 23:47:48,766  INFO: FUTU	tiny_strate_sample:on_quote_changed symbol=US.FB dt=20180409 11:47:47 sma(5) open=157.13699999999994 high=159.15700000000004 close=157.41000000000003 low=154.1640000000001 vol=37828641.4
2018-04-09 23:47:48,831  INFO: FUTU	tiny_strate_sample:on_quote_changed symbol=US.FB dt=20180409 11:47:47 sma(5) open=157.13699999999994 high=159.15700000000004 close=157.41000000000003 low=154.1640000000001 vol=37828641.4
2018-04-09 23:47:48,924  INFO: FUTU	tiny_strate_sample:on_quote_changed symbol=US.FB dt=20180409 11:47:48 sma(5) open=157.13699999999994 high=159.15700000000004 close=157.41400000000004 low=154.1640000000001 vol=37828661.4
2018-04-09 23:47:48,999  INFO: FUTU	tiny_strate_sample:on_quote_changed symbol=US.BABA dt=20180409 11:47:48 sma(5) open=172.24200000000005 high=174.64399999999992 close=171.82800000000006 low=169.06199999999984 vol=17649864.2
2018-04-09 23:47:49,006  INFO: FUTU	tiny_strate_sample:on_quote_changed symbol=US.FB dt=20180409 11:47:48 sma(5) open=157.13699999999994 high=159.15700000000004 close=157.41600000000003 low=154.1640000000001 vol=37828764.6
2018-04-09 23:47:49,006  INFO: FUTU	tiny_strate_sample:on_quote_changed symbol=US.FB dt=20180409 11:47:48 sma(5) open=157.13699999999994 high=159.15700000000004 close=157.41600000000003 low=154.1640000000001 vol=37828764.6
2018-04-09 23:47:49,172  INFO: FUTU	tiny_strate_sample:on_quote_changed symbol=US.BABA dt=20180409 11:47:48 sma(5) open=172.24200000000005 high=174.64399999999992 close=171.82800000000006 low=169.06199999999984 vol=17649864.2
2018-04-09 23:47:49,216  INFO: FUTU	tiny_strate_sample:on_quote_changed symbol=US.FB dt=20180409 11:47:48 sma(5) open=157.13699999999994 high=159.15700000000004 close=157.41400000000004 low=154.1640000000001 vol=37828784.6
2018-04-09 23:47:49,323  INFO: FUTU	tiny_strate_sample:on_quote_changed symbol=US.FB dt=20180409 11:47:48 sma(5) open=157.13699999999994 high=159.15700000000004 close=157.4156 low=154.1640000000001 vol=37829184.6
2018-04-09 23:47:49,675  INFO: FUTU	tiny_strate_sample:on_quote_changed symbol=US.BABA dt=20180409 11:47:48 sma(5) open=172.24200000000005 high=174.64399999999992 close=171.82800000000006 low=169.06199999999984 vol=17649864.2
2018-04-09 23:47:49,742  INFO: FUTU	tiny_strate_sample:on_quote_changed symbol=US.BABA dt=20180409 11:47:48 sma(5) open=172.24200000000005 high=174.64399999999992 close=171.82800000000006 low=169.06199999999984 vol=17649884.2
2018-04-09 23:47:49,853  INFO: FUTU	tiny_strate_sample:on_quote_changed symbol=US.FB dt=20180409 11:47:48 sma(5) open=157.13699999999994 high=159.15700000000004 close=157.4156 low=154.1640000000001 vol=37829202.4
2018-04-09 23:47:50,720  INFO: FUTU	tiny_strate_sample:on_quote_changed symbol=US.FB dt=20180409 11:47:49 sma(5) open=157.13699999999994 high=159.15700000000004 close=157.41800000000003 low=154.1640000000001 vol=37829244.0
2018-04-09 23:47:51,120  INFO: FUTU	tiny_strate_sample:on_quote_changed symbol=US.FB dt=20180409 11:47:49 sma(5) open=157.13699999999994 high=159.15700000000004 close=157.41800000000003 low=154.1640000000001 vol=37829245.6
2018-04-09 23:47:51,736  INFO: FUTU	tiny_strate_sample:on_quote_changed symbol=US.FB dt=20180409 11:47:50 sma(5) open=157.13699999999994 high=159.15700000000004 close=157.41800000000003 low=154.1640000000001 vol=37829245.6
2018-04-09 23:47:52,150  INFO: FUTU	tiny_strate_sample:on_quote_changed symbol=US.FB dt=20180409 11:47:50 sma(5) open=157.13699999999994 high=159.15700000000004 close=157.41800000000003 low=154.1640000000001 vol=37829252.6
2018-04-09 23:47:52,170  INFO: FUTU	tiny_strate_sample:on_quote_changed symbol=US.FB dt=20180409 11:47:51 sma(5) open=157.13699999999994 high=159.15700000000004 close=157.42000000000002 low=154.1640000000001 vol=37829597.6
2018-04-09 23:47:52,170  INFO: FUTU	tiny_strate_sample:on_quote_changed symbol=US.FB dt=20180409 11:47:51 sma(5) open=157.13699999999994 high=159.15700000000004 close=157.42000000000002 low=154.1640000000001 vol=37829597.6
2018-04-09 23:47:52,815  INFO: FUTU	tiny_strate_sample:on_quote_changed symbol=US.BABA dt=20180409 11:47:48 sma(5) open=172.24200000000005 high=174.64399999999992 close=171.82800000000006 low=169.06199999999984 vol=17649884.2
2018-04-09 23:47:53,175  INFO: FUTU	tiny_strate_sample:on_quote_changed symbol=US.FB dt=20180409 11:47:51 sma(5) open=157.13699999999994 high=159.15700000000004 close=157.42000000000002 low=154.1640000000001 vol=37829619.8
2018-04-09 23:47:53,682  INFO: FUTU	tiny_strate_sample:on_quote_changed symbol=US.FB dt=20180409 11:47:52 sma(5) open=157.13699999999994 high=159.15700000000004 close=157.42000000000002 low=154.1640000000001 vol=37829619.8
2018-04-09 23:47:53,683  INFO: FUTU	tiny_strate_sample:on_quote_changed symbol=US.BABA dt=20180409 11:47:52 sma(5) open=172.24200000000005 high=174.64399999999992 close=171.82800000000006 low=169.06199999999984 vol=17649884.4
2018-04-09 23:47:54,141  INFO: FUTU	tiny_strate_sample:on_quote_changed symbol=US.BABA dt=20180409 11:47:53 sma(5) open=172.24200000000005 high=174.64399999999992 close=171.83000000000007 low=169.06199999999984 vol=17649904.4
2018-04-09 23:47:54,299  INFO: FUTU	tiny_strate_sample:on_quote_changed symbol=US.BABA dt=20180409 11:47:53 sma(5) open=172.24200000000005 high=174.64399999999992 close=171.83000000000007 low=169.06199999999984 vol=17649904.4
2018-04-09 23:47:54,675  INFO: FUTU	tiny_strate_sample:on_quote_changed symbol=US.BABA dt=20180409 11:47:53 sma(5) open=172.24200000000005 high=174.64399999999992 close=171.83000000000007 low=169.06199999999984 vol=17649904.4
2018-04-09 23:47:55,218  INFO: FUTU	tiny_strate_sample:on_quote_changed symbol=US.BABA dt=20180409 11:47:53 sma(5) open=172.24200000000005 high=174.64399999999992 close=171.83000000000007 low=169.06199999999984 vol=17649904.4
2018-04-09 23:47:55,608  INFO: FUTU	tiny_strate_sample:on_quote_changed symbol=US.BABA dt=20180409 11:47:54 sma(5) open=172.24200000000005 high=174.64399999999992 close=171.83200000000005 low=169.06199999999984 vol=17649924.4
2018-04-09 23:47:57,074  INFO: FUTU	tiny_strate_sample:on_quote_changed symbol=US.FB dt=20180409 11:47:56 sma(5) open=157.13699999999994 high=159.15700000000004 close=157.42000000000002 low=154.1640000000001 vol=37829953.4
2018-04-09 23:47:57,087  INFO: FUTU	tiny_strate_sample:on_quote_changed symbol=US.FB dt=20180409 11:47:56 sma(5) open=157.13699999999994 high=159.15700000000004 close=157.42000000000002 low=154.1640000000001 vol=37829973.4
2018-04-09 23:47:57,276  INFO: FUTU	tiny_strate_sample:on_quote_changed symbol=US.FB dt=20180409 11:47:56 sma(5) open=157.13699999999994 high=159.15700000000004 close=157.42400000000004 low=154.1640000000001 vol=37830033.4
2018-04-09 23:47:57,330  INFO: FUTU	tiny_strate_sample:on_quote_changed symbol=US.FB dt=20180409 11:47:56 sma(5) open=157.13699999999994 high=159.15700000000004 close=157.42400000000004 low=154.1640000000001 vol=37830193.4
2018-04-09 23:47:57,374  INFO: FUTU	tiny_strate_sample:on_quote_changed symbol=US.FB dt=20180409 11:47:56 sma(5) open=157.13699999999994 high=159.15700000000004 close=157.42400000000004 low=154.1640000000001 vol=37830193.4
2018-04-09 23:47:57,426  INFO: FUTU	tiny_strate_sample:on_quote_changed symbol=US.BABA dt=20180409 11:47:56 sma(5) open=172.24200000000005 high=174.64399999999992 close=171.83200000000005 low=169.06199999999984 vol=17650114.8
2018-04-09 23:47:57,426  INFO: FUTU	tiny_strate_sample:on_quote_changed symbol=US.BABA dt=20180409 11:47:56 sma(5) open=172.24200000000005 high=174.64399999999992 close=171.83200000000005 low=169.06199999999984 vol=17650114.8
2018-04-09 23:47:57,426  INFO: FUTU	tiny_strate_sample:on_quote_changed symbol=US.BABA dt=20180409 11:47:56 sma(5) open=172.24200000000005 high=174.64399999999992 close=171.83200000000005 low=169.06199999999984 vol=17650114.8
2018-04-09 23:47:57,670  INFO: FUTU	tiny_strate_sample:on_quote_changed symbol=US.FB dt=20180409 11:47:56 sma(5) open=157.13699999999994 high=159.15700000000004 close=157.42400000000004 low=154.1640000000001 vol=37830209.4
2018-04-09 23:47:57,738  INFO: FUTU	tiny_strate_sample:on_quote_changed symbol=US.BABA dt=20180409 11:47:56 sma(5) open=172.24200000000005 high=174.64399999999992 close=171.83200000000005 low=169.06199999999984 vol=17650114.8
2018-04-09 23:47:58,331  INFO: FUTU	tiny_strate_sample:on_quote_changed symbol=US.BABA dt=20180409 11:47:57 sma(5) open=172.24200000000005 high=174.64399999999992 close=171.83600000000007 low=169.06199999999984 vol=17650354.8
2018-04-09 23:47:58,332  INFO: FUTU	tiny_strate_sample:on_quote_changed symbol=US.BABA dt=20180409 11:47:57 sma(5) open=172.24200000000005 high=174.64399999999992 close=171.83600000000007 low=169.06199999999984 vol=17650354.8
2018-04-09 23:47:58,562  INFO: FUTU	tiny_strate_sample:on_quote_changed symbol=US.FB dt=20180409 11:47:57 sma(5) open=157.13699999999994 high=159.15700000000004 close=157.43200000000002 low=154.1640000000001 vol=37830474.6
2018-04-09 23:47:58,595  INFO: FUTU	tiny_strate_sample:on_quote_changed symbol=US.FB dt=20180409 11:47:57 sma(5) open=157.13699999999994 high=159.15700000000004 close=157.43200000000002 low=154.1640000000001 vol=37830474.6
2018-04-09 23:47:58,596  INFO: FUTU	tiny_strate_sample:on_quote_changed symbol=US.FB dt=20180409 11:47:57 sma(5) open=157.13699999999994 high=159.15700000000004 close=157.43200000000002 low=154.1640000000001 vol=37830474.6
2018-04-09 23:47:58,596  INFO: FUTU	tiny_strate_sample:on_quote_changed symbol=US.FB dt=20180409 11:47:57 sma(5) open=157.13699999999994 high=159.15700000000004 close=157.43200000000002 low=154.1640000000001 vol=37830474.6
2018-04-09 23:47:58,597  INFO: FUTU	tiny_strate_sample:on_quote_changed symbol=US.FB dt=20180409 11:47:57 sma(5) open=157.13699999999994 high=159.15700000000004 close=157.43200000000002 low=154.1640000000001 vol=37830474.6
2018-04-09 23:47:58,599  INFO: FUTU	tiny_strate_sample:on_quote_changed symbol=US.FB dt=20180409 11:47:57 sma(5) open=157.13699999999994 high=159.15700000000004 close=157.43200000000002 low=154.1640000000001 vol=37830474.6
2018-04-09 23:47:58,600  INFO: FUTU	tiny_strate_sample:on_quote_changed symbol=US.FB dt=20180409 11:47:57 sma(5) open=157.13699999999994 high=159.15700000000004 close=157.43200000000002 low=154.1640000000001 vol=37830474.6
2018-04-09 23:47:58,600  INFO: FUTU	tiny_strate_sample:on_quote_changed symbol=US.FB dt=20180409 11:47:57 sma(5) open=157.13699999999994 high=159.15700000000004 close=157.43200000000002 low=154.1640000000001 vol=37830474.6
2018-04-09 23:47:58,600  INFO: FUTU	tiny_strate_sample:on_quote_changed symbol=US.BABA dt=20180409 11:47:57 sma(5) open=172.24200000000005 high=174.64399999999992 close=171.83600000000007 low=169.06199999999984 vol=17650374.8
2018-04-09 23:47:58,600  INFO: FUTU	tiny_strate_sample:on_quote_changed symbol=US.FB dt=20180409 11:47:57 sma(5) open=157.13699999999994 high=159.15700000000004 close=157.43200000000002 low=154.1640000000001 vol=37830474.6
2018-04-09 23:47:58,601  INFO: FUTU	tiny_strate_sample:on_quote_changed symbol=US.FB dt=20180409 11:47:57 sma(5) open=157.13699999999994 high=159.15700000000004 close=157.43 low=154.1640000000001 vol=37830529.4
2018-04-09 23:47:58,601  INFO: FUTU	tiny_strate_sample:on_quote_changed symbol=US.FB dt=20180409 11:47:57 sma(5) open=157.13699999999994 high=159.15700000000004 close=157.43 low=154.1640000000001 vol=37830529.4
2018-04-09 23:47:58,602  INFO: FUTU	tiny_strate_sample:on_quote_changed symbol=US.FB dt=20180409 11:47:57 sma(5) open=157.13699999999994 high=159.15700000000004 close=157.43 low=154.1640000000001 vol=37830529.4
2018-04-09 23:47:58,602  INFO: FUTU	tiny_strate_sample:on_quote_changed symbol=US.FB dt=20180409 11:47:57 sma(5) open=157.13699999999994 high=159.15700000000004 close=157.43 low=154.1640000000001 vol=37830529.4
2018-04-09 23:47:58,625  INFO: FUTU	tiny_strate_sample:on_quote_changed symbol=US.FB dt=20180409 11:47:57 sma(5) open=157.13699999999994 high=159.15700000000004 close=157.436 low=154.1640000000001 vol=37830569.6
2018-04-09 23:47:59,111  INFO: FUTU	tiny_strate_sample:on_quote_changed symbol=US.FB dt=20180409 11:47:58 sma(5) open=157.13699999999994 high=159.15700000000004 close=157.43300000000002 low=154.1640000000001 vol=37830589.6
2018-04-09 23:47:59,136  INFO: FUTU	tiny_strate_sample:on_quote_changed symbol=US.FB dt=20180409 11:47:58 sma(5) open=157.13699999999994 high=159.15700000000004 close=157.43300000000002 low=154.1640000000001 vol=37830649.6
2018-04-09 23:47:59,271  INFO: FUTU	tiny_strate_sample:on_quote_changed symbol=US.BABA dt=20180409 11:47:57 sma(5) open=172.24200000000005 high=174.64399999999992 close=171.83600000000007 low=169.06199999999984 vol=17650394.8
2018-04-09 23:47:59,430  INFO: FUTU	tiny_strate_sample:on_quote_changed symbol=US.FB dt=20180409 11:47:58 sma(5) open=157.13699999999994 high=159.15700000000004 close=157.43300000000002 low=154.1640000000001 vol=37830649.6
2018-04-09 23:47:59,725  INFO: FUTU	tiny_strate_sample:on_quote_changed symbol=US.FB dt=20180409 11:47:58 sma(5) open=157.13699999999994 high=159.15700000000004 close=157.43300000000002 low=154.1640000000001 vol=37830649.6
2018-04-09 23:47:59,725  INFO: FUTU	tiny_strate_sample:on_quote_changed symbol=US.BABA dt=20180409 11:47:58 sma(5) open=172.24200000000005 high=174.64399999999992 close=171.83600000000007 low=169.06199999999984 vol=17650394.8
2018-04-09 23:52:12,954  INFO: FUTU	tiny_strate_sample:init_strate 'tiny_strate_sample' ret = True
2018-04-09 23:52:14,212  INFO: FUTU	tiny_strate_sample:on_start param1=1 param2=2
2018-04-09 23:52:15,636  INFO: FUTU	tiny_strate_sample:on_before_trading - 2018-04-09 23:52:13
2018-04-09 23:53:00,367  INFO: FUTU	tiny_strate_sample:on_bar_min1 symbol=US.FB dt=20180409 11:53:00 ema(5) open=159.82493084461422 high=159.96323503405975 close=159.90604995449937 low=159.68918597763735 vol=234548.176506096
2018-04-09 23:53:01,265  INFO: FUTU	tiny_strate_sample:on_bar_min1 symbol=US.BABA dt=20180409 11:53:00 ema(5) open=172.31714356183386 high=172.3702548244291 close=172.28864686269037 low=172.2033609648081 vol=27231.121843663193
2018-04-09 23:54:00,617  INFO: FUTU	tiny_strate_sample:on_bar_min1 symbol=US.FB dt=20180409 11:54:00 ema(5) open=159.89428722974282 high=160.0954900227065 close=160.0273666363329 low=159.78612398509156 vol=233748.451004064
2018-04-09 23:54:01,560  INFO: FUTU	tiny_strate_sample:on_bar_min1 symbol=US.BABA dt=20180409 11:54:00 ema(5) open=172.30809570788924 high=172.39016988295273 close=172.33576457512692 low=172.2322406432054 vol=24688.74789577546
2018-04-09 23:55:00,895  INFO: FUTU	tiny_strate_sample:on_bar_min1 symbol=US.BABA dt=20180409 11:55:00 ema(5) open=172.35539713859282 high=172.43677992196848 close=172.34384305008462 low=172.2581604288036 vol=27207.49859718364
2018-04-09 23:55:01,126  INFO: FUTU	tiny_strate_sample:on_bar_min1 symbol=US.FB dt=20180409 11:55:00 ema(5) open=160.01619148649522 high=160.16032668180435 close=160.05824442422195 low=159.87074932339436 vol=213634.300669376
2018-04-09 23:56:01,186  INFO: FUTU	tiny_strate_sample:on_bar_min1 symbol=US.FB dt=20180409 11:56:00 ema(5) open=160.05079432433016 high=160.16488445453624 close=160.06049628281463 low=159.91049954892958 vol=217043.53377958402
2018-04-09 23:56:05,906  INFO: FUTU	tiny_strate_sample:on_bar_min1 symbol=US.BABA dt=20180409 11:56:00 ema(5) open=172.35693142572856 high=172.4278532813123 close=172.30922870005642 low=172.2387736192024 vol=51353.999064789095
